#
# There is insufficient memory for the Java Runtime Environment to continue.
# Native memory allocation (malloc) failed to allocate 1631856 bytes. Error detail: Chunk::new
# Possible reasons:
#   The system is out of physical RAM or swap space
#   This process is running with CompressedOops enabled, and the Java Heap may be blocking the growth of the native heap
# Possible solutions:
#   Reduce memory load on the system
#   Increase physical memory or swap space
#   Check if swap backing store is full
#   Decrease Java heap size (-Xmx/-Xms)
#   Decrease number of Java threads
#   Decrease Java thread stack sizes (-Xss)
#   Set larger code cache with -XX:ReservedCodeCacheSize=
#   JVM is running with Unscaled Compressed Oops mode in which the Java heap is
#     placed in the first 4GB address space. The Java Heap base address is the
#     maximum limit for the native heap growth. Please use -XX:HeapBaseMinAddress
#     to set the Java Heap base and to place the Java Heap above 4GB virtual address.
# This output file may be truncated or incomplete.
#
#  Out of Memory Error (arena.cpp:168), pid=10376, tid=16632
#
# JRE version: OpenJDK Runtime Environment Zulu21.40+17-CA (21.0.6+7) (build 21.0.6+7-LTS)
# Java VM: OpenJDK 64-Bit Server VM Zulu21.40+17-CA (21.0.6+7-LTS, mixed mode, sharing, tiered, compressed oops, compressed class ptrs, g1 gc, windows-amd64)
# No core dump will be written. Minidumps are not enabled by default on client versions of Windows
#

---------------  S U M M A R Y ------------

Command Line: --add-opens=java.base/java.lang=ALL-UNNAMED --add-opens=java.base/java.lang.invoke=ALL-UNNAMED --add-opens=java.base/java.util=ALL-UNNAMED --add-opens=java.prefs/java.util.prefs=ALL-UNNAMED --add-exports=jdk.compiler/com.sun.tools.javac.api=ALL-UNNAMED --add-exports=jdk.compiler/com.sun.tools.javac.util=ALL-UNNAMED --add-opens=java.base/java.util=ALL-UNNAMED --add-opens=java.prefs/java.util.prefs=ALL-UNNAMED --add-opens=java.base/java.nio.charset=ALL-UNNAMED --add-opens=java.base/java.net=ALL-UNNAMED --add-opens=java.base/java.util.concurrent.atomic=ALL-UNNAMED --add-opens=java.xml/javax.xml.namespace=ALL-UNNAMED -XX:MaxMetaspaceSize=384m -XX:+HeapDumpOnOutOfMemoryError -Xms256m -Xmx512m -Dfile.encoding=UTF-8 -Duser.country=KR -Duser.language=ko -Duser.variant -javaagent:C:\Users\alswj\.gradle\wrapper\dists\gradle-8.12.1-bin\eumc4uhoysa37zql93vfjkxy0\gradle-8.12.1\lib\agents\gradle-instrumentation-agent-8.12.1.jar org.gradle.launcher.daemon.bootstrap.GradleDaemon 8.12.1

Host: 12th Gen Intel(R) Core(TM) i5-1240P, 16 cores, 15G,  Windows 11 , 64 bit Build 26100 (10.0.26100.3912)
Time: Fri Jun  6 17:11:18 2025  Windows 11 , 64 bit Build 26100 (10.0.26100.3912) elapsed time: 118.846364 seconds (0d 0h 1m 58s)

---------------  T H R E A D  ---------------

Current thread (0x0000020bf9bbd500):  JavaThread "C2 CompilerThread1" daemon [_thread_in_native, id=16632, stack(0x000000de82500000,0x000000de82600000) (1024K)]


Current CompileTask:
C2:118846 14308       4       io.spring.gradle.dependencymanagement.org.apache.maven.model.io.xpp3.MavenXpp3Reader::parseModel (1606 bytes)

Stack: [0x000000de82500000,0x000000de82600000]
Native frames: (J=compiled Java code, j=interpreted, Vv=VM code, C=native code)
V  [jvm.dll+0x6fb489]
V  [jvm.dll+0x8dee5f]
V  [jvm.dll+0x8e1258]
V  [jvm.dll+0x8e19c3]
V  [jvm.dll+0x299796]
V  [jvm.dll+0xd2b0d]
V  [jvm.dll+0xd3043]
V  [jvm.dll+0x3d8672]
V  [jvm.dll+0x3a1ca5]
V  [jvm.dll+0x3a10da]
V  [jvm.dll+0x25d660]
V  [jvm.dll+0x25cc41]
V  [jvm.dll+0x1daf44]
V  [jvm.dll+0x26c860]
V  [jvm.dll+0x26ada9]
V  [jvm.dll+0x414054]
V  [jvm.dll+0x886176]
V  [jvm.dll+0x6f9b84]
C  [ucrtbase.dll+0x37b0]
C  [KERNEL32.DLL+0x2e8d7]
C  [ntdll.dll+0x9c5dc]


---------------  P R O C E S S  ---------------

Threads class SMR info:
_java_thread_list=0x0000020bf7931230, length=62, elements={
0x0000020bd4675bb0, 0x0000020bf250bc60, 0x0000020bf250c870, 0x0000020bf25125e0,
0x0000020bf2513910, 0x0000020bf25149b0, 0x0000020bf2515b10, 0x0000020bf251ffb0,
0x0000020bf2527080, 0x0000020bf26db970, 0x0000020bf282cd10, 0x0000020bf8863df0,
0x0000020bf8893fc0, 0x0000020bf8860460, 0x0000020bf89bc280, 0x0000020bf8b2eb90,
0x0000020bf8b2d7e0, 0x0000020bf8b2e500, 0x0000020bf8b2f220, 0x0000020bfa3be9d0,
0x0000020bfa3bf6f0, 0x0000020bfa3c0aa0, 0x0000020bfa3bdcb0, 0x0000020bfa3bd620,
0x0000020bfa3c45b0, 0x0000020bfa3c2b70, 0x0000020bfa3c24e0, 0x0000020bfa3c3890,
0x0000020bfb92a090, 0x0000020bf78d19b0, 0x0000020bf78d2040, 0x0000020bf78d2d60,
0x0000020bf78d33f0, 0x0000020bf78d1320, 0x0000020bf78d0600, 0x0000020bf78cff70,
0x0000020bf78d0c90, 0x0000020bf78d3a80, 0x0000020bfc69c910, 0x0000020bfc69bbf0,
0x0000020bfc69d630, 0x0000020bfd8bf7a0, 0x0000020bfc69e9e0, 0x0000020bfc3700f0,
0x0000020bfc370780, 0x0000020bfc3721c0, 0x0000020bfc370e10, 0x0000020bfc372850,
0x0000020bfc3714a0, 0x0000020bfc379e70, 0x0000020bf9bbd500, 0x0000020bf9bbe2a0,
0x0000020bf9bbce30, 0x0000020bf9bbb2f0, 0x0000020bf9bbe970, 0x0000020bfd8c9520,
0x0000020bfd8ca8d0, 0x0000020bfb929370, 0x0000020bfb92e8c0, 0x0000020bfc0fa3a0,
0x0000020bfc0fc470, 0x0000020bf8f54570
}
_to_delete_list=0x0000020bf7931230
Skipping _to_delete_list fields and contents for safety.
The _java_thread_list has changed from 0x0000020bf7931230 to 0x0000020bf79317a0 so some of the above information may be stale.

Java Threads: ( => current thread )
  0x0000020bd4675bb0 JavaThread "main"                              [_thread_blocked, id=10436, stack(0x000000defbe00000,0x000000defbf00000) (1024K)]
  0x0000020bf250bc60 JavaThread "Reference Handler"          daemon [_thread_blocked, id=15264, stack(0x000000defc600000,0x000000defc700000) (1024K)]
  0x0000020bf250c870 JavaThread "Finalizer"                  daemon [_thread_blocked, id=11880, stack(0x000000defc700000,0x000000defc800000) (1024K)]
  0x0000020bf25125e0 JavaThread "Signal Dispatcher"          daemon [_thread_blocked, id=16016, stack(0x000000defc800000,0x000000defc900000) (1024K)]
  0x0000020bf2513910 JavaThread "Attach Listener"            daemon [_thread_blocked, id=15160, stack(0x000000defc900000,0x000000defca00000) (1024K)]
  0x0000020bf25149b0 JavaThread "Service Thread"             daemon [_thread_blocked, id=9304, stack(0x000000defca00000,0x000000defcb00000) (1024K)]
  0x0000020bf2515b10 JavaThread "Monitor Deflation Thread"   daemon [_thread_blocked, id=8304, stack(0x000000defcb00000,0x000000defcc00000) (1024K)]
  0x0000020bf251ffb0 JavaThread "C2 CompilerThread0"         daemon [_thread_blocked, id=9652, stack(0x000000defcc00000,0x000000defcd00000) (1024K)]
  0x0000020bf2527080 JavaThread "C1 CompilerThread0"         daemon [_thread_blocked, id=11956, stack(0x000000defcd00000,0x000000defce00000) (1024K)]
  0x0000020bf26db970 JavaThread "Common-Cleaner"             daemon [_thread_blocked, id=4296, stack(0x000000defd000000,0x000000defd100000) (1024K)]
  0x0000020bf282cd10 JavaThread "Notification Thread"        daemon [_thread_blocked, id=20588, stack(0x000000defd300000,0x000000defd400000) (1024K)]
  0x0000020bf8863df0 JavaThread "Daemon health stats"               [_thread_blocked, id=10272, stack(0x000000defdc00000,0x000000defdd00000) (1024K)]
  0x0000020bf8893fc0 JavaThread "Incoming local TCP Connector on port 52074"        [_thread_in_native, id=13992, stack(0x000000defdd00000,0x000000defde00000) (1024K)]
  0x0000020bf8860460 JavaThread "Daemon periodic checks"            [_thread_blocked, id=21652, stack(0x000000defdf00000,0x000000defe000000) (1024K)]
  0x0000020bf89bc280 JavaThread "Daemon"                            [_thread_blocked, id=12680, stack(0x000000defe000000,0x000000defe100000) (1024K)]
  0x0000020bf8b2eb90 JavaThread "Daemon worker"                     [_thread_blocked, id=18196, stack(0x000000defe300000,0x000000defe400000) (1024K)]
  0x0000020bf8b2d7e0 JavaThread "Cache worker for journal cache (C:\Users\alswj\.gradle\caches\journal-1)"        [_thread_blocked, id=21744, stack(0x000000defe700000,0x000000defe800000) (1024K)]
  0x0000020bf8b2e500 JavaThread "File lock request listener"        [_thread_in_native, id=16056, stack(0x000000defe800000,0x000000defe900000) (1024K)]
  0x0000020bf8b2f220 JavaThread "Cache worker for file hash cache (C:\Users\alswj\.gradle\caches\8.12.1\fileHashes)"        [_thread_blocked, id=15148, stack(0x000000defe900000,0x000000defea00000) (1024K)]
  0x0000020bfa3be9d0 JavaThread "File watcher server"        daemon [_thread_in_native, id=21224, stack(0x000000deff300000,0x000000deff400000) (1024K)]
  0x0000020bfa3bf6f0 JavaThread "File watcher consumer"      daemon [_thread_blocked, id=20636, stack(0x000000deff400000,0x000000deff500000) (1024K)]
  0x0000020bfa3c0aa0 JavaThread "jar transforms"                    [_thread_blocked, id=9344, stack(0x000000deff500000,0x000000deff600000) (1024K)]
  0x0000020bfa3bdcb0 JavaThread "jar transforms Thread 2"           [_thread_blocked, id=20152, stack(0x000000deff600000,0x000000deff700000) (1024K)]
  0x0000020bfa3bd620 JavaThread "Cache worker for file content cache (C:\Users\alswj\.gradle\caches\8.12.1\fileContent)"        [_thread_blocked, id=21024, stack(0x000000deff900000,0x000000deffa00000) (1024K)]
  0x0000020bfa3c45b0 JavaThread "jar transforms Thread 3"           [_thread_blocked, id=12648, stack(0x000000deffa00000,0x000000deffb00000) (1024K)]
  0x0000020bfa3c2b70 JavaThread "jar transforms Thread 4"           [_thread_blocked, id=18648, stack(0x000000deff000000,0x000000deff100000) (1024K)]
  0x0000020bfa3c24e0 JavaThread "jar transforms Thread 5"           [_thread_blocked, id=20016, stack(0x000000deffd00000,0x000000deffe00000) (1024K)]
  0x0000020bfa3c3890 JavaThread "jar transforms Thread 6"           [_thread_blocked, id=19804, stack(0x000000deffe00000,0x000000defff00000) (1024K)]
  0x0000020bfb92a090 JavaThread "jar transforms Thread 7"           [_thread_blocked, id=19216, stack(0x000000defff00000,0x000000df00000000) (1024K)]
  0x0000020bf78d19b0 JavaThread "Memory manager"                    [_thread_blocked, id=17656, stack(0x000000de82e00000,0x000000de82f00000) (1024K)]
  0x0000020bf78d2040 JavaThread "jar transforms Thread 8"           [_thread_blocked, id=21860, stack(0x000000de82f00000,0x000000de83000000) (1024K)]
  0x0000020bf78d2d60 JavaThread "ForkJoinPool.commonPool-worker-1" daemon [_thread_blocked, id=21828, stack(0x000000de83100000,0x000000de83200000) (1024K)]
  0x0000020bf78d33f0 JavaThread "ForkJoinPool.commonPool-worker-2" daemon [_thread_blocked, id=20804, stack(0x000000de83200000,0x000000de83300000) (1024K)]
  0x0000020bf78d1320 JavaThread "ForkJoinPool.commonPool-worker-3" daemon [_thread_blocked, id=21896, stack(0x000000de83300000,0x000000de83400000) (1024K)]
  0x0000020bf78d0600 JavaThread "ForkJoinPool.commonPool-worker-4" daemon [_thread_blocked, id=21044, stack(0x000000de83400000,0x000000de83500000) (1024K)]
  0x0000020bf78cff70 JavaThread "ForkJoinPool.commonPool-worker-5" daemon [_thread_blocked, id=16108, stack(0x000000de83500000,0x000000de83600000) (1024K)]
  0x0000020bf78d0c90 JavaThread "ForkJoinPool.commonPool-worker-6" daemon [_thread_blocked, id=19600, stack(0x000000de83600000,0x000000de83700000) (1024K)]
  0x0000020bf78d3a80 JavaThread "ForkJoinPool.commonPool-worker-7" daemon [_thread_blocked, id=19628, stack(0x000000de83700000,0x000000de83800000) (1024K)]
  0x0000020bfc69c910 JavaThread "ForkJoinPool.commonPool-worker-8" daemon [_thread_blocked, id=16280, stack(0x000000de83800000,0x000000de83900000) (1024K)]
  0x0000020bfc69bbf0 JavaThread "ForkJoinPool.commonPool-worker-9" daemon [_thread_blocked, id=21064, stack(0x000000de83900000,0x000000de83a00000) (1024K)]
  0x0000020bfc69d630 JavaThread "ForkJoinPool.commonPool-worker-10" daemon [_thread_blocked, id=21960, stack(0x000000de83a00000,0x000000de83b00000) (1024K)]
  0x0000020bfd8bf7a0 JavaThread "VFS cleanup"                       [_thread_blocked, id=9040, stack(0x000000de80000000,0x000000de80100000) (1024K)]
  0x0000020bfc69e9e0 JavaThread "included builds"                   [_thread_blocked, id=9048, stack(0x000000de8a700000,0x000000de8a800000) (1024K)]
  0x0000020bfc3700f0 JavaThread "File lock release action executor"        [_thread_blocked, id=21608, stack(0x000000de80100000,0x000000de80200000) (1024K)]
  0x0000020bfc370780 JavaThread "Handler for socket connection from /127.0.0.1:52074 to /127.0.0.1:52155"        [_thread_in_native, id=15008, stack(0x000000de80200000,0x000000de80300000) (1024K)]
  0x0000020bfc3721c0 JavaThread "Cancel handler"                    [_thread_blocked, id=6816, stack(0x000000de80300000,0x000000de80400000) (1024K)]
  0x0000020bfc370e10 JavaThread "Asynchronous log dispatcher for DefaultDaemonConnection: socket connection from /127.0.0.1:52074 to /127.0.0.1:52155"        [_thread_blocked, id=21216, stack(0x000000de80400000,0x000000de80500000) (1024K)]
  0x0000020bfc372850 JavaThread "Stdin handler"                     [_thread_blocked, id=19808, stack(0x000000de80500000,0x000000de80600000) (1024K)]
  0x0000020bfc3714a0 JavaThread "Daemon client event forwarder"        [_thread_blocked, id=11620, stack(0x000000de80600000,0x000000de80700000) (1024K)]
=>0x0000020bf9bbd500 JavaThread "C2 CompilerThread1"         daemon [_thread_in_native, id=16632, stack(0x000000de82500000,0x000000de82600000) (1024K)]
  0x0000020bf9bbe2a0 JavaThread "C2 CompilerThread2"         daemon [_thread_in_vm, id=19164, stack(0x000000de82600000,0x000000de82700000) (1024K)]
  0x0000020bf9bbce30 JavaThread "C1 CompilerThread1"         daemon [_thread_in_native, id=19176, stack(0x000000de83f00000,0x000000de84000000) (1024K)]
  0x0000020bf9bbb2f0 JavaThread "C1 CompilerThread2"         daemon [_thread_blocked, id=14672, stack(0x000000de84000000,0x000000de84100000) (1024K)]
  0x0000020bf9bbe970 JavaThread "C1 CompilerThread3"         daemon [_thread_blocked, id=18880, stack(0x000000de84100000,0x000000de84200000) (1024K)]
  0x0000020bfc0fc470 JavaThread "included builds"                   [_thread_blocked, id=18068, stack(0x000000de8a900000,0x000000de8aa00000) (1024K)]
Total: 55

Other Threads:
  0x0000020bf24e1390 VMThread "VM Thread"                           [id=19912, stack(0x000000defc500000,0x000000defc600000) (1024K)]
  0x0000020bf24d2b60 WatcherThread "VM Periodic Task Thread"        [id=11504, stack(0x000000defc400000,0x000000defc500000) (1024K)]
  0x0000020bd62f7fa0 WorkerThread "GC Thread#0"                     [id=17508, stack(0x000000defbf00000,0x000000defc000000) (1024K)]
  0x0000020bf7162730 WorkerThread "GC Thread#1"                     [id=9288, stack(0x000000defd400000,0x000000defd500000) (1024K)]
  0x0000020bf74dd200 WorkerThread "GC Thread#2"                     [id=3256, stack(0x000000defd500000,0x000000defd600000) (1024K)]
  0x0000020bf74dd5b0 WorkerThread "GC Thread#3"                     [id=15296, stack(0x000000defd600000,0x000000defd700000) (1024K)]
  0x0000020bf736fb30 WorkerThread "GC Thread#4"                     [id=12972, stack(0x000000defd700000,0x000000defd800000) (1024K)]
  0x0000020bf739e5f0 WorkerThread "GC Thread#5"                     [id=18772, stack(0x000000defd800000,0x000000defd900000) (1024K)]
  0x0000020bf88ef320 WorkerThread "GC Thread#6"                     [id=18072, stack(0x000000defd200000,0x000000defd300000) (1024K)]
  0x0000020bf88ef6d0 WorkerThread "GC Thread#7"                     [id=13128, stack(0x000000defda00000,0x000000defdb00000) (1024K)]
  0x0000020bf890b180 WorkerThread "GC Thread#8"                     [id=19376, stack(0x000000defdb00000,0x000000defdc00000) (1024K)]
  0x0000020bf9981e90 WorkerThread "GC Thread#9"                     [id=13244, stack(0x000000defea00000,0x000000defeb00000) (1024K)]
  0x0000020bfbe34940 WorkerThread "GC Thread#10"                    [id=21256, stack(0x000000defeb00000,0x000000defec00000) (1024K)]
  0x0000020bfbe33a80 WorkerThread "GC Thread#11"                    [id=19936, stack(0x000000defec00000,0x000000defed00000) (1024K)]
  0x0000020bfbe33e30 WorkerThread "GC Thread#12"                    [id=21536, stack(0x000000defed00000,0x000000defee00000) (1024K)]
  0x0000020bd62fcea0 ConcurrentGCThread "G1 Main Marker"            [id=2576, stack(0x000000defc000000,0x000000defc100000) (1024K)]
  0x0000020bd62fe740 WorkerThread "G1 Conc#0"                       [id=20436, stack(0x000000defc100000,0x000000defc200000) (1024K)]
  0x0000020bfbe32bc0 WorkerThread "G1 Conc#1"                       [id=19588, stack(0x000000defee00000,0x000000defef00000) (1024K)]
  0x0000020bfbe315a0 WorkerThread "G1 Conc#2"                       [id=6756, stack(0x000000defef00000,0x000000deff000000) (1024K)]
  0x0000020bf239da40 ConcurrentGCThread "G1 Refine#0"               [id=20296, stack(0x000000defc200000,0x000000defc300000) (1024K)]
  0x0000020bf239e270 ConcurrentGCThread "G1 Service"                [id=17788, stack(0x000000defc300000,0x000000defc400000) (1024K)]
Total: 21

Threads with active compile tasks:
C2 CompilerThread1  118915 14308       4       io.spring.gradle.dependencymanagement.org.apache.maven.model.io.xpp3.MavenXpp3Reader::parseModel (1606 bytes)
C2 CompilerThread2  118921 14432       4       java.util.concurrent.locks.AbstractQueuedSynchronizer$ConditionObject::unlinkCancelledWaiters (91 bytes)
C1 CompilerThread1  118921 14433       3       org.gradle.internal.event.BroadcastDispatch$CompositeDispatch::<init> (12 bytes)
Total: 3

VM state: not at safepoint (normal execution)

VM Mutex/Monitor currently owned by a thread: None

Heap address: 0x00000000e0000000, size: 512 MB, Compressed Oops mode: 32-bit

CDS archive(s) mapped at: [0x0000020b80000000-0x0000020b80cd0000-0x0000020b80cd0000), size 13434880, SharedBaseAddress: 0x0000020b80000000, ArchiveRelocationMode: 1.
Compressed class space mapped at: 0x0000020b81000000-0x0000020b95000000, reserved size: 335544320
Narrow klass base: 0x0000020b80000000, Narrow klass shift: 0, Narrow klass range: 0x100000000

GC Precious Log:
 CardTable entry size: 512
 Card Set container configuration: InlinePtr #cards 5 size 8 Array Of Cards #cards 12 size 40 Howl #buckets 4 coarsen threshold 1843 Howl Bitmap #cards 512 size 80 coarsen threshold 460 Card regions per heap region 1 cards per card region 2048
 CPUs: 16 total, 16 available
 Memory: 16066M
 Large Page Support: Disabled
 NUMA Support: Disabled
 Compressed Oops: Enabled (32-bit)
 Heap Region Size: 1M
 Heap Min Capacity: 256M
 Heap Initial Capacity: 256M
 Heap Max Capacity: 512M
 Pre-touch: Disabled
 Parallel Workers: 13
 Concurrent Workers: 3
 Concurrent Refinement Workers: 13
 Periodic GC: Disabled

Heap:
 garbage-first heap   total 262144K, used 150303K [0x00000000e0000000, 0x0000000100000000)
  region size 1024K, 93 young (95232K), 6 survivors (6144K)
 Metaspace       used 66874K, committed 68992K, reserved 393216K
  class space    used 8983K, committed 10112K, reserved 327680K

Heap Regions: E=young(eden), S=young(survivor), O=old, HS=humongous(starts), HC=humongous(continues), CS=collection set, F=free, TAMS=top-at-mark-start, PB=parsable bottom
|   0|0x00000000e0000000, 0x00000000e0100000, 0x00000000e0100000|100%|HS|  |TAMS 0x00000000e0000000| PB 0x00000000e0000000| Complete 
|   1|0x00000000e0100000, 0x00000000e0200000, 0x00000000e0200000|100%|HC|  |TAMS 0x00000000e0100000| PB 0x00000000e0100000| Complete 
|   2|0x00000000e0200000, 0x00000000e0300000, 0x00000000e0300000|100%|HC|  |TAMS 0x00000000e0200000| PB 0x00000000e0200000| Complete 
|   3|0x00000000e0300000, 0x00000000e0400000, 0x00000000e0400000|100%| O|  |TAMS 0x00000000e0300000| PB 0x00000000e0300000| Untracked 
|   4|0x00000000e0400000, 0x00000000e0500000, 0x00000000e0500000|100%| O|  |TAMS 0x00000000e0400000| PB 0x00000000e0400000| Untracked 
|   5|0x00000000e0500000, 0x00000000e0600000, 0x00000000e0600000|100%| O|  |TAMS 0x00000000e0500000| PB 0x00000000e0500000| Untracked 
|   6|0x00000000e0600000, 0x00000000e0700000, 0x00000000e0700000|100%|HS|  |TAMS 0x00000000e0600000| PB 0x00000000e0600000| Complete 
|   7|0x00000000e0700000, 0x00000000e0800000, 0x00000000e0800000|100%| O|  |TAMS 0x00000000e0700000| PB 0x00000000e0700000| Untracked 
|   8|0x00000000e0800000, 0x00000000e0900000, 0x00000000e0900000|100%| O|  |TAMS 0x00000000e0800000| PB 0x00000000e0800000| Untracked 
|   9|0x00000000e0900000, 0x00000000e0a00000, 0x00000000e0a00000|100%| O|  |TAMS 0x00000000e0900000| PB 0x00000000e0900000| Untracked 
|  10|0x00000000e0a00000, 0x00000000e0b00000, 0x00000000e0b00000|100%| O|  |TAMS 0x00000000e0a00000| PB 0x00000000e0a00000| Untracked 
|  11|0x00000000e0b00000, 0x00000000e0c00000, 0x00000000e0c00000|100%| O|  |TAMS 0x00000000e0b00000| PB 0x00000000e0b00000| Untracked 
|  12|0x00000000e0c00000, 0x00000000e0d00000, 0x00000000e0d00000|100%| O|  |TAMS 0x00000000e0c00000| PB 0x00000000e0c00000| Untracked 
|  13|0x00000000e0d00000, 0x00000000e0e00000, 0x00000000e0e00000|100%| O|  |TAMS 0x00000000e0d00000| PB 0x00000000e0d00000| Untracked 
|  14|0x00000000e0e00000, 0x00000000e0f00000, 0x00000000e0f00000|100%| O|  |TAMS 0x00000000e0e00000| PB 0x00000000e0e00000| Untracked 
|  15|0x00000000e0f00000, 0x00000000e1000000, 0x00000000e1000000|100%| O|  |TAMS 0x00000000e0f00000| PB 0x00000000e0f00000| Untracked 
|  16|0x00000000e1000000, 0x00000000e1100000, 0x00000000e1100000|100%| O|  |TAMS 0x00000000e1000000| PB 0x00000000e1000000| Untracked 
|  17|0x00000000e1100000, 0x00000000e1200000, 0x00000000e1200000|100%| O|  |TAMS 0x00000000e1100000| PB 0x00000000e1100000| Untracked 
|  18|0x00000000e1200000, 0x00000000e1300000, 0x00000000e1300000|100%| O|  |TAMS 0x00000000e1200000| PB 0x00000000e1200000| Untracked 
|  19|0x00000000e1300000, 0x00000000e1400000, 0x00000000e1400000|100%| O|  |TAMS 0x00000000e1300000| PB 0x00000000e1300000| Untracked 
|  20|0x00000000e1400000, 0x00000000e1500000, 0x00000000e1500000|100%| O|  |TAMS 0x00000000e1400000| PB 0x00000000e1400000| Untracked 
|  21|0x00000000e1500000, 0x00000000e1600000, 0x00000000e1600000|100%| O|  |TAMS 0x00000000e1500000| PB 0x00000000e1500000| Untracked 
|  22|0x00000000e1600000, 0x00000000e1700000, 0x00000000e1700000|100%| O|  |TAMS 0x00000000e1600000| PB 0x00000000e1600000| Untracked 
|  23|0x00000000e1700000, 0x00000000e1800000, 0x00000000e1800000|100%| O|  |TAMS 0x00000000e1700000| PB 0x00000000e1700000| Untracked 
|  24|0x00000000e1800000, 0x00000000e1900000, 0x00000000e1900000|100%| O|  |TAMS 0x00000000e1800000| PB 0x00000000e1800000| Untracked 
|  25|0x00000000e1900000, 0x00000000e1a00000, 0x00000000e1a00000|100%| O|  |TAMS 0x00000000e1900000| PB 0x00000000e1900000| Untracked 
|  26|0x00000000e1a00000, 0x00000000e1b00000, 0x00000000e1b00000|100%| O|  |TAMS 0x00000000e1a00000| PB 0x00000000e1a00000| Untracked 
|  27|0x00000000e1b00000, 0x00000000e1c00000, 0x00000000e1c00000|100%| O|  |TAMS 0x00000000e1b00000| PB 0x00000000e1b00000| Untracked 
|  28|0x00000000e1c00000, 0x00000000e1d00000, 0x00000000e1d00000|100%| O|  |TAMS 0x00000000e1c00000| PB 0x00000000e1c00000| Untracked 
|  29|0x00000000e1d00000, 0x00000000e1e00000, 0x00000000e1e00000|100%| O|  |TAMS 0x00000000e1d00000| PB 0x00000000e1d00000| Untracked 
|  30|0x00000000e1e00000, 0x00000000e1f00000, 0x00000000e1f00000|100%| O|  |TAMS 0x00000000e1e00000| PB 0x00000000e1e00000| Untracked 
|  31|0x00000000e1f00000, 0x00000000e2000000, 0x00000000e2000000|100%| O|  |TAMS 0x00000000e1f00000| PB 0x00000000e1f00000| Untracked 
|  32|0x00000000e2000000, 0x00000000e2100000, 0x00000000e2100000|100%| O|  |TAMS 0x00000000e2000000| PB 0x00000000e2000000| Untracked 
|  33|0x00000000e2100000, 0x00000000e2200000, 0x00000000e2200000|100%| O|  |TAMS 0x00000000e2100000| PB 0x00000000e2100000| Untracked 
|  34|0x00000000e2200000, 0x00000000e2300000, 0x00000000e2300000|100%| O|  |TAMS 0x00000000e2200000| PB 0x00000000e2200000| Untracked 
|  35|0x00000000e2300000, 0x00000000e2400000, 0x00000000e2400000|100%| O|  |TAMS 0x00000000e2300000| PB 0x00000000e2300000| Untracked 
|  36|0x00000000e2400000, 0x00000000e2500000, 0x00000000e2500000|100%| O|  |TAMS 0x00000000e2400000| PB 0x00000000e2400000| Untracked 
|  37|0x00000000e2500000, 0x00000000e2600000, 0x00000000e2600000|100%| O|  |TAMS 0x00000000e2500000| PB 0x00000000e2500000| Untracked 
|  38|0x00000000e2600000, 0x00000000e2700000, 0x00000000e2700000|100%| O|  |TAMS 0x00000000e2600000| PB 0x00000000e2600000| Untracked 
|  39|0x00000000e2700000, 0x00000000e2800000, 0x00000000e2800000|100%| O|  |TAMS 0x00000000e2700000| PB 0x00000000e2700000| Untracked 
|  40|0x00000000e2800000, 0x00000000e2900000, 0x00000000e2900000|100%| O|  |TAMS 0x00000000e2800000| PB 0x00000000e2800000| Untracked 
|  41|0x00000000e2900000, 0x00000000e2a00000, 0x00000000e2a00000|100%| O|  |TAMS 0x00000000e2900000| PB 0x00000000e2900000| Untracked 
|  42|0x00000000e2a00000, 0x00000000e2b00000, 0x00000000e2b00000|100%| O|  |TAMS 0x00000000e2a00000| PB 0x00000000e2a00000| Untracked 
|  43|0x00000000e2b00000, 0x00000000e2c00000, 0x00000000e2c00000|100%| O|  |TAMS 0x00000000e2b00000| PB 0x00000000e2b00000| Untracked 
|  44|0x00000000e2c00000, 0x00000000e2d00000, 0x00000000e2d00000|100%| O|  |TAMS 0x00000000e2c00000| PB 0x00000000e2c00000| Untracked 
|  45|0x00000000e2d00000, 0x00000000e2e00000, 0x00000000e2e00000|100%| O|  |TAMS 0x00000000e2d00000| PB 0x00000000e2d00000| Untracked 
|  46|0x00000000e2e00000, 0x00000000e2f00000, 0x00000000e2f00000|100%| O|  |TAMS 0x00000000e2e00000| PB 0x00000000e2e00000| Untracked 
|  47|0x00000000e2f00000, 0x00000000e3000000, 0x00000000e3000000|100%| O|  |TAMS 0x00000000e2f00000| PB 0x00000000e2f00000| Untracked 
|  48|0x00000000e3000000, 0x00000000e3100000, 0x00000000e3100000|100%| O|  |TAMS 0x00000000e3000000| PB 0x00000000e3000000| Untracked 
|  49|0x00000000e3100000, 0x00000000e3200000, 0x00000000e3200000|100%| O|  |TAMS 0x00000000e3100000| PB 0x00000000e3100000| Untracked 
|  50|0x00000000e3200000, 0x00000000e3300000, 0x00000000e3300000|100%| O|  |TAMS 0x00000000e3200000| PB 0x00000000e3200000| Untracked 
|  51|0x00000000e3300000, 0x00000000e3400000, 0x00000000e3400000|100%| O|  |TAMS 0x00000000e3300000| PB 0x00000000e3300000| Untracked 
|  52|0x00000000e3400000, 0x00000000e3500000, 0x00000000e3500000|100%| O|  |TAMS 0x00000000e3400000| PB 0x00000000e3400000| Untracked 
|  53|0x00000000e3500000, 0x00000000e3600000, 0x00000000e3600000|100%| O|  |TAMS 0x00000000e3500000| PB 0x00000000e3500000| Untracked 
|  54|0x00000000e3600000, 0x00000000e3700000, 0x00000000e3700000|100%| O|  |TAMS 0x00000000e3600000| PB 0x00000000e3600000| Untracked 
|  55|0x00000000e3700000, 0x00000000e3800000, 0x00000000e3800000|100%| O|  |TAMS 0x00000000e3700000| PB 0x00000000e3700000| Untracked 
|  56|0x00000000e3800000, 0x00000000e3890ea0, 0x00000000e3900000| 56%| O|  |TAMS 0x00000000e3800000| PB 0x00000000e3800000| Untracked 
|  57|0x00000000e3900000, 0x00000000e3900000, 0x00000000e3a00000|  0%| F|  |TAMS 0x00000000e3900000| PB 0x00000000e3900000| Untracked 
|  58|0x00000000e3a00000, 0x00000000e3a00000, 0x00000000e3b00000|  0%| F|  |TAMS 0x00000000e3a00000| PB 0x00000000e3a00000| Untracked 
|  59|0x00000000e3b00000, 0x00000000e3b00000, 0x00000000e3c00000|  0%| F|  |TAMS 0x00000000e3b00000| PB 0x00000000e3b00000| Untracked 
|  60|0x00000000e3c00000, 0x00000000e3c00000, 0x00000000e3d00000|  0%| F|  |TAMS 0x00000000e3c00000| PB 0x00000000e3c00000| Untracked 
|  61|0x00000000e3d00000, 0x00000000e3d00000, 0x00000000e3e00000|  0%| F|  |TAMS 0x00000000e3d00000| PB 0x00000000e3d00000| Untracked 
|  62|0x00000000e3e00000, 0x00000000e3e00000, 0x00000000e3f00000|  0%| F|  |TAMS 0x00000000e3e00000| PB 0x00000000e3e00000| Untracked 
|  63|0x00000000e3f00000, 0x00000000e3f00000, 0x00000000e4000000|  0%| F|  |TAMS 0x00000000e3f00000| PB 0x00000000e3f00000| Untracked 
|  64|0x00000000e4000000, 0x00000000e4000000, 0x00000000e4100000|  0%| F|  |TAMS 0x00000000e4000000| PB 0x00000000e4000000| Untracked 
|  65|0x00000000e4100000, 0x00000000e4100000, 0x00000000e4200000|  0%| F|  |TAMS 0x00000000e4100000| PB 0x00000000e4100000| Untracked 
|  66|0x00000000e4200000, 0x00000000e4200000, 0x00000000e4300000|  0%| F|  |TAMS 0x00000000e4200000| PB 0x00000000e4200000| Untracked 
|  67|0x00000000e4300000, 0x00000000e4300000, 0x00000000e4400000|  0%| F|  |TAMS 0x00000000e4300000| PB 0x00000000e4300000| Untracked 
|  68|0x00000000e4400000, 0x00000000e4400000, 0x00000000e4500000|  0%| F|  |TAMS 0x00000000e4400000| PB 0x00000000e4400000| Untracked 
|  69|0x00000000e4500000, 0x00000000e4500000, 0x00000000e4600000|  0%| F|  |TAMS 0x00000000e4500000| PB 0x00000000e4500000| Untracked 
|  70|0x00000000e4600000, 0x00000000e4600000, 0x00000000e4700000|  0%| F|  |TAMS 0x00000000e4600000| PB 0x00000000e4600000| Untracked 
|  71|0x00000000e4700000, 0x00000000e4700000, 0x00000000e4800000|  0%| F|  |TAMS 0x00000000e4700000| PB 0x00000000e4700000| Untracked 
|  72|0x00000000e4800000, 0x00000000e4800000, 0x00000000e4900000|  0%| F|  |TAMS 0x00000000e4800000| PB 0x00000000e4800000| Untracked 
|  73|0x00000000e4900000, 0x00000000e4900000, 0x00000000e4a00000|  0%| F|  |TAMS 0x00000000e4900000| PB 0x00000000e4900000| Untracked 
|  74|0x00000000e4a00000, 0x00000000e4a00000, 0x00000000e4b00000|  0%| F|  |TAMS 0x00000000e4a00000| PB 0x00000000e4a00000| Untracked 
|  75|0x00000000e4b00000, 0x00000000e4b00000, 0x00000000e4c00000|  0%| F|  |TAMS 0x00000000e4b00000| PB 0x00000000e4b00000| Untracked 
|  76|0x00000000e4c00000, 0x00000000e4c00000, 0x00000000e4d00000|  0%| F|  |TAMS 0x00000000e4c00000| PB 0x00000000e4c00000| Untracked 
|  77|0x00000000e4d00000, 0x00000000e4d00000, 0x00000000e4e00000|  0%| F|  |TAMS 0x00000000e4d00000| PB 0x00000000e4d00000| Untracked 
|  78|0x00000000e4e00000, 0x00000000e4e00000, 0x00000000e4f00000|  0%| F|  |TAMS 0x00000000e4e00000| PB 0x00000000e4e00000| Untracked 
|  79|0x00000000e4f00000, 0x00000000e4f00000, 0x00000000e5000000|  0%| F|  |TAMS 0x00000000e4f00000| PB 0x00000000e4f00000| Untracked 
|  80|0x00000000e5000000, 0x00000000e5000000, 0x00000000e5100000|  0%| F|  |TAMS 0x00000000e5000000| PB 0x00000000e5000000| Untracked 
|  81|0x00000000e5100000, 0x00000000e5100000, 0x00000000e5200000|  0%| F|  |TAMS 0x00000000e5100000| PB 0x00000000e5100000| Untracked 
|  82|0x00000000e5200000, 0x00000000e5200000, 0x00000000e5300000|  0%| F|  |TAMS 0x00000000e5200000| PB 0x00000000e5200000| Untracked 
|  83|0x00000000e5300000, 0x00000000e5300000, 0x00000000e5400000|  0%| F|  |TAMS 0x00000000e5300000| PB 0x00000000e5300000| Untracked 
|  84|0x00000000e5400000, 0x00000000e5400000, 0x00000000e5500000|  0%| F|  |TAMS 0x00000000e5400000| PB 0x00000000e5400000| Untracked 
|  85|0x00000000e5500000, 0x00000000e5500000, 0x00000000e5600000|  0%| F|  |TAMS 0x00000000e5500000| PB 0x00000000e5500000| Untracked 
|  86|0x00000000e5600000, 0x00000000e5600000, 0x00000000e5700000|  0%| F|  |TAMS 0x00000000e5600000| PB 0x00000000e5600000| Untracked 
|  87|0x00000000e5700000, 0x00000000e5700000, 0x00000000e5800000|  0%| F|  |TAMS 0x00000000e5700000| PB 0x00000000e5700000| Untracked 
|  88|0x00000000e5800000, 0x00000000e5800000, 0x00000000e5900000|  0%| F|  |TAMS 0x00000000e5800000| PB 0x00000000e5800000| Untracked 
|  89|0x00000000e5900000, 0x00000000e5900000, 0x00000000e5a00000|  0%| F|  |TAMS 0x00000000e5900000| PB 0x00000000e5900000| Untracked 
|  90|0x00000000e5a00000, 0x00000000e5a00000, 0x00000000e5b00000|  0%| F|  |TAMS 0x00000000e5a00000| PB 0x00000000e5a00000| Untracked 
|  91|0x00000000e5b00000, 0x00000000e5b00000, 0x00000000e5c00000|  0%| F|  |TAMS 0x00000000e5b00000| PB 0x00000000e5b00000| Untracked 
|  92|0x00000000e5c00000, 0x00000000e5c00000, 0x00000000e5d00000|  0%| F|  |TAMS 0x00000000e5c00000| PB 0x00000000e5c00000| Untracked 
|  93|0x00000000e5d00000, 0x00000000e5d00000, 0x00000000e5e00000|  0%| F|  |TAMS 0x00000000e5d00000| PB 0x00000000e5d00000| Untracked 
|  94|0x00000000e5e00000, 0x00000000e5e00000, 0x00000000e5f00000|  0%| F|  |TAMS 0x00000000e5e00000| PB 0x00000000e5e00000| Untracked 
|  95|0x00000000e5f00000, 0x00000000e5f00000, 0x00000000e6000000|  0%| F|  |TAMS 0x00000000e5f00000| PB 0x00000000e5f00000| Untracked 
|  96|0x00000000e6000000, 0x00000000e6000000, 0x00000000e6100000|  0%| F|  |TAMS 0x00000000e6000000| PB 0x00000000e6000000| Untracked 
|  97|0x00000000e6100000, 0x00000000e6136da8, 0x00000000e6200000| 21%| S|CS|TAMS 0x00000000e6100000| PB 0x00000000e6100000| Complete 
|  98|0x00000000e6200000, 0x00000000e6300000, 0x00000000e6300000|100%| S|CS|TAMS 0x00000000e6200000| PB 0x00000000e6200000| Complete 
|  99|0x00000000e6300000, 0x00000000e6400000, 0x00000000e6400000|100%| S|CS|TAMS 0x00000000e6300000| PB 0x00000000e6300000| Complete 
| 100|0x00000000e6400000, 0x00000000e6500000, 0x00000000e6500000|100%| S|CS|TAMS 0x00000000e6400000| PB 0x00000000e6400000| Complete 
| 101|0x00000000e6500000, 0x00000000e6600000, 0x00000000e6600000|100%| S|CS|TAMS 0x00000000e6500000| PB 0x00000000e6500000| Complete 
| 102|0x00000000e6600000, 0x00000000e6700000, 0x00000000e6700000|100%| S|CS|TAMS 0x00000000e6600000| PB 0x00000000e6600000| Complete 
| 103|0x00000000e6700000, 0x00000000e6700000, 0x00000000e6800000|  0%| F|  |TAMS 0x00000000e6700000| PB 0x00000000e6700000| Untracked 
| 104|0x00000000e6800000, 0x00000000e6800000, 0x00000000e6900000|  0%| F|  |TAMS 0x00000000e6800000| PB 0x00000000e6800000| Untracked 
| 105|0x00000000e6900000, 0x00000000e6900000, 0x00000000e6a00000|  0%| F|  |TAMS 0x00000000e6900000| PB 0x00000000e6900000| Untracked 
| 106|0x00000000e6a00000, 0x00000000e6a00000, 0x00000000e6b00000|  0%| F|  |TAMS 0x00000000e6a00000| PB 0x00000000e6a00000| Untracked 
| 107|0x00000000e6b00000, 0x00000000e6b00000, 0x00000000e6c00000|  0%| F|  |TAMS 0x00000000e6b00000| PB 0x00000000e6b00000| Untracked 
| 108|0x00000000e6c00000, 0x00000000e6c00000, 0x00000000e6d00000|  0%| F|  |TAMS 0x00000000e6c00000| PB 0x00000000e6c00000| Untracked 
| 109|0x00000000e6d00000, 0x00000000e6d00000, 0x00000000e6e00000|  0%| F|  |TAMS 0x00000000e6d00000| PB 0x00000000e6d00000| Untracked 
| 110|0x00000000e6e00000, 0x00000000e6e00000, 0x00000000e6f00000|  0%| F|  |TAMS 0x00000000e6e00000| PB 0x00000000e6e00000| Untracked 
| 111|0x00000000e6f00000, 0x00000000e6f00000, 0x00000000e7000000|  0%| F|  |TAMS 0x00000000e6f00000| PB 0x00000000e6f00000| Untracked 
| 112|0x00000000e7000000, 0x00000000e7000000, 0x00000000e7100000|  0%| F|  |TAMS 0x00000000e7000000| PB 0x00000000e7000000| Untracked 
| 113|0x00000000e7100000, 0x00000000e7100000, 0x00000000e7200000|  0%| F|  |TAMS 0x00000000e7100000| PB 0x00000000e7100000| Untracked 
| 114|0x00000000e7200000, 0x00000000e7200000, 0x00000000e7300000|  0%| F|  |TAMS 0x00000000e7200000| PB 0x00000000e7200000| Untracked 
| 115|0x00000000e7300000, 0x00000000e7300000, 0x00000000e7400000|  0%| F|  |TAMS 0x00000000e7300000| PB 0x00000000e7300000| Untracked 
| 116|0x00000000e7400000, 0x00000000e7400000, 0x00000000e7500000|  0%| F|  |TAMS 0x00000000e7400000| PB 0x00000000e7400000| Untracked 
| 117|0x00000000e7500000, 0x00000000e7500000, 0x00000000e7600000|  0%| F|  |TAMS 0x00000000e7500000| PB 0x00000000e7500000| Untracked 
| 118|0x00000000e7600000, 0x00000000e7600000, 0x00000000e7700000|  0%| F|  |TAMS 0x00000000e7600000| PB 0x00000000e7600000| Untracked 
| 119|0x00000000e7700000, 0x00000000e7700000, 0x00000000e7800000|  0%| F|  |TAMS 0x00000000e7700000| PB 0x00000000e7700000| Untracked 
| 120|0x00000000e7800000, 0x00000000e7800000, 0x00000000e7900000|  0%| F|  |TAMS 0x00000000e7800000| PB 0x00000000e7800000| Untracked 
| 121|0x00000000e7900000, 0x00000000e7900000, 0x00000000e7a00000|  0%| F|  |TAMS 0x00000000e7900000| PB 0x00000000e7900000| Untracked 
| 122|0x00000000e7a00000, 0x00000000e7a00000, 0x00000000e7b00000|  0%| F|  |TAMS 0x00000000e7a00000| PB 0x00000000e7a00000| Untracked 
| 123|0x00000000e7b00000, 0x00000000e7b00000, 0x00000000e7c00000|  0%| F|  |TAMS 0x00000000e7b00000| PB 0x00000000e7b00000| Untracked 
| 124|0x00000000e7c00000, 0x00000000e7c00000, 0x00000000e7d00000|  0%| F|  |TAMS 0x00000000e7c00000| PB 0x00000000e7c00000| Untracked 
| 125|0x00000000e7d00000, 0x00000000e7d00000, 0x00000000e7e00000|  0%| F|  |TAMS 0x00000000e7d00000| PB 0x00000000e7d00000| Untracked 
| 126|0x00000000e7e00000, 0x00000000e7e00000, 0x00000000e7f00000|  0%| F|  |TAMS 0x00000000e7e00000| PB 0x00000000e7e00000| Untracked 
| 127|0x00000000e7f00000, 0x00000000e7f00000, 0x00000000e8000000|  0%| F|  |TAMS 0x00000000e7f00000| PB 0x00000000e7f00000| Untracked 
| 128|0x00000000e8000000, 0x00000000e8000000, 0x00000000e8100000|  0%| F|  |TAMS 0x00000000e8000000| PB 0x00000000e8000000| Untracked 
| 129|0x00000000e8100000, 0x00000000e8100000, 0x00000000e8200000|  0%| F|  |TAMS 0x00000000e8100000| PB 0x00000000e8100000| Untracked 
| 130|0x00000000e8200000, 0x00000000e8200000, 0x00000000e8300000|  0%| F|  |TAMS 0x00000000e8200000| PB 0x00000000e8200000| Untracked 
| 131|0x00000000e8300000, 0x00000000e8300000, 0x00000000e8400000|  0%| F|  |TAMS 0x00000000e8300000| PB 0x00000000e8300000| Untracked 
| 132|0x00000000e8400000, 0x00000000e8400000, 0x00000000e8500000|  0%| F|  |TAMS 0x00000000e8400000| PB 0x00000000e8400000| Untracked 
| 133|0x00000000e8500000, 0x00000000e8500000, 0x00000000e8600000|  0%| F|  |TAMS 0x00000000e8500000| PB 0x00000000e8500000| Untracked 
| 134|0x00000000e8600000, 0x00000000e8600000, 0x00000000e8700000|  0%| F|  |TAMS 0x00000000e8600000| PB 0x00000000e8600000| Untracked 
| 135|0x00000000e8700000, 0x00000000e8700000, 0x00000000e8800000|  0%| F|  |TAMS 0x00000000e8700000| PB 0x00000000e8700000| Untracked 
| 136|0x00000000e8800000, 0x00000000e8800000, 0x00000000e8900000|  0%| F|  |TAMS 0x00000000e8800000| PB 0x00000000e8800000| Untracked 
| 137|0x00000000e8900000, 0x00000000e8900000, 0x00000000e8a00000|  0%| F|  |TAMS 0x00000000e8900000| PB 0x00000000e8900000| Untracked 
| 138|0x00000000e8a00000, 0x00000000e8a00000, 0x00000000e8b00000|  0%| F|  |TAMS 0x00000000e8a00000| PB 0x00000000e8a00000| Untracked 
| 139|0x00000000e8b00000, 0x00000000e8b00000, 0x00000000e8c00000|  0%| F|  |TAMS 0x00000000e8b00000| PB 0x00000000e8b00000| Untracked 
| 140|0x00000000e8c00000, 0x00000000e8c00000, 0x00000000e8d00000|  0%| F|  |TAMS 0x00000000e8c00000| PB 0x00000000e8c00000| Untracked 
| 141|0x00000000e8d00000, 0x00000000e8d00000, 0x00000000e8e00000|  0%| F|  |TAMS 0x00000000e8d00000| PB 0x00000000e8d00000| Untracked 
| 142|0x00000000e8e00000, 0x00000000e8e00000, 0x00000000e8f00000|  0%| F|  |TAMS 0x00000000e8e00000| PB 0x00000000e8e00000| Untracked 
| 143|0x00000000e8f00000, 0x00000000e8f00000, 0x00000000e9000000|  0%| F|  |TAMS 0x00000000e8f00000| PB 0x00000000e8f00000| Untracked 
| 144|0x00000000e9000000, 0x00000000e9000000, 0x00000000e9100000|  0%| F|  |TAMS 0x00000000e9000000| PB 0x00000000e9000000| Untracked 
| 145|0x00000000e9100000, 0x00000000e9100000, 0x00000000e9200000|  0%| F|  |TAMS 0x00000000e9100000| PB 0x00000000e9100000| Untracked 
| 146|0x00000000e9200000, 0x00000000e9200000, 0x00000000e9300000|  0%| F|  |TAMS 0x00000000e9200000| PB 0x00000000e9200000| Untracked 
| 147|0x00000000e9300000, 0x00000000e9300000, 0x00000000e9400000|  0%| F|  |TAMS 0x00000000e9300000| PB 0x00000000e9300000| Untracked 
| 148|0x00000000e9400000, 0x00000000e9400000, 0x00000000e9500000|  0%| F|  |TAMS 0x00000000e9400000| PB 0x00000000e9400000| Untracked 
| 149|0x00000000e9500000, 0x00000000e9500000, 0x00000000e9600000|  0%| F|  |TAMS 0x00000000e9500000| PB 0x00000000e9500000| Untracked 
| 150|0x00000000e9600000, 0x00000000e9600000, 0x00000000e9700000|  0%| F|  |TAMS 0x00000000e9600000| PB 0x00000000e9600000| Untracked 
| 151|0x00000000e9700000, 0x00000000e9700000, 0x00000000e9800000|  0%| F|  |TAMS 0x00000000e9700000| PB 0x00000000e9700000| Untracked 
| 152|0x00000000e9800000, 0x00000000e9800000, 0x00000000e9900000|  0%| F|  |TAMS 0x00000000e9800000| PB 0x00000000e9800000| Untracked 
| 153|0x00000000e9900000, 0x00000000e9900000, 0x00000000e9a00000|  0%| F|  |TAMS 0x00000000e9900000| PB 0x00000000e9900000| Untracked 
| 154|0x00000000e9a00000, 0x00000000e9a00000, 0x00000000e9b00000|  0%| F|  |TAMS 0x00000000e9a00000| PB 0x00000000e9a00000| Untracked 
| 155|0x00000000e9b00000, 0x00000000e9b00000, 0x00000000e9c00000|  0%| F|  |TAMS 0x00000000e9b00000| PB 0x00000000e9b00000| Untracked 
| 156|0x00000000e9c00000, 0x00000000e9c00000, 0x00000000e9d00000|  0%| F|  |TAMS 0x00000000e9c00000| PB 0x00000000e9c00000| Untracked 
| 157|0x00000000e9d00000, 0x00000000e9d00000, 0x00000000e9e00000|  0%| F|  |TAMS 0x00000000e9d00000| PB 0x00000000e9d00000| Untracked 
| 158|0x00000000e9e00000, 0x00000000e9e00000, 0x00000000e9f00000|  0%| F|  |TAMS 0x00000000e9e00000| PB 0x00000000e9e00000| Untracked 
| 159|0x00000000e9f00000, 0x00000000e9f00000, 0x00000000ea000000|  0%| F|  |TAMS 0x00000000e9f00000| PB 0x00000000e9f00000| Untracked 
| 160|0x00000000ea000000, 0x00000000ea000000, 0x00000000ea100000|  0%| F|  |TAMS 0x00000000ea000000| PB 0x00000000ea000000| Untracked 
| 161|0x00000000ea100000, 0x00000000ea100000, 0x00000000ea200000|  0%| F|  |TAMS 0x00000000ea100000| PB 0x00000000ea100000| Untracked 
| 162|0x00000000ea200000, 0x00000000ea200000, 0x00000000ea300000|  0%| F|  |TAMS 0x00000000ea200000| PB 0x00000000ea200000| Untracked 
| 163|0x00000000ea300000, 0x00000000ea300000, 0x00000000ea400000|  0%| F|  |TAMS 0x00000000ea300000| PB 0x00000000ea300000| Untracked 
| 164|0x00000000ea400000, 0x00000000ea400000, 0x00000000ea500000|  0%| F|  |TAMS 0x00000000ea400000| PB 0x00000000ea400000| Untracked 
| 165|0x00000000ea500000, 0x00000000ea500000, 0x00000000ea600000|  0%| F|  |TAMS 0x00000000ea500000| PB 0x00000000ea500000| Untracked 
| 166|0x00000000ea600000, 0x00000000ea600000, 0x00000000ea700000|  0%| F|  |TAMS 0x00000000ea600000| PB 0x00000000ea600000| Untracked 
| 167|0x00000000ea700000, 0x00000000ea700000, 0x00000000ea800000|  0%| F|  |TAMS 0x00000000ea700000| PB 0x00000000ea700000| Untracked 
| 168|0x00000000ea800000, 0x00000000ea800000, 0x00000000ea900000|  0%| F|  |TAMS 0x00000000ea800000| PB 0x00000000ea800000| Untracked 
| 169|0x00000000ea900000, 0x00000000ea961c58, 0x00000000eaa00000| 38%| E|  |TAMS 0x00000000ea900000| PB 0x00000000ea900000| Complete 
| 170|0x00000000eaa00000, 0x00000000eab00000, 0x00000000eab00000|100%| E|CS|TAMS 0x00000000eaa00000| PB 0x00000000eaa00000| Complete 
| 171|0x00000000eab00000, 0x00000000eac00000, 0x00000000eac00000|100%| E|CS|TAMS 0x00000000eab00000| PB 0x00000000eab00000| Complete 
| 172|0x00000000eac00000, 0x00000000ead00000, 0x00000000ead00000|100%| E|CS|TAMS 0x00000000eac00000| PB 0x00000000eac00000| Complete 
| 173|0x00000000ead00000, 0x00000000eae00000, 0x00000000eae00000|100%| E|CS|TAMS 0x00000000ead00000| PB 0x00000000ead00000| Complete 
| 174|0x00000000eae00000, 0x00000000eaf00000, 0x00000000eaf00000|100%| E|CS|TAMS 0x00000000eae00000| PB 0x00000000eae00000| Complete 
| 175|0x00000000eaf00000, 0x00000000eb000000, 0x00000000eb000000|100%| E|CS|TAMS 0x00000000eaf00000| PB 0x00000000eaf00000| Complete 
| 176|0x00000000eb000000, 0x00000000eb100000, 0x00000000eb100000|100%| E|CS|TAMS 0x00000000eb000000| PB 0x00000000eb000000| Complete 
| 177|0x00000000eb100000, 0x00000000eb200000, 0x00000000eb200000|100%| E|CS|TAMS 0x00000000eb100000| PB 0x00000000eb100000| Complete 
| 178|0x00000000eb200000, 0x00000000eb300000, 0x00000000eb300000|100%| E|CS|TAMS 0x00000000eb200000| PB 0x00000000eb200000| Complete 
| 179|0x00000000eb300000, 0x00000000eb400000, 0x00000000eb400000|100%| E|CS|TAMS 0x00000000eb300000| PB 0x00000000eb300000| Complete 
| 180|0x00000000eb400000, 0x00000000eb500000, 0x00000000eb500000|100%| E|CS|TAMS 0x00000000eb400000| PB 0x00000000eb400000| Complete 
| 181|0x00000000eb500000, 0x00000000eb600000, 0x00000000eb600000|100%| E|CS|TAMS 0x00000000eb500000| PB 0x00000000eb500000| Complete 
| 182|0x00000000eb600000, 0x00000000eb700000, 0x00000000eb700000|100%| E|CS|TAMS 0x00000000eb600000| PB 0x00000000eb600000| Complete 
| 183|0x00000000eb700000, 0x00000000eb800000, 0x00000000eb800000|100%| E|CS|TAMS 0x00000000eb700000| PB 0x00000000eb700000| Complete 
| 184|0x00000000eb800000, 0x00000000eb900000, 0x00000000eb900000|100%| E|CS|TAMS 0x00000000eb800000| PB 0x00000000eb800000| Complete 
| 185|0x00000000eb900000, 0x00000000eba00000, 0x00000000eba00000|100%| E|CS|TAMS 0x00000000eb900000| PB 0x00000000eb900000| Complete 
| 186|0x00000000eba00000, 0x00000000ebb00000, 0x00000000ebb00000|100%| E|CS|TAMS 0x00000000eba00000| PB 0x00000000eba00000| Complete 
| 187|0x00000000ebb00000, 0x00000000ebc00000, 0x00000000ebc00000|100%| E|CS|TAMS 0x00000000ebb00000| PB 0x00000000ebb00000| Complete 
| 188|0x00000000ebc00000, 0x00000000ebd00000, 0x00000000ebd00000|100%| E|CS|TAMS 0x00000000ebc00000| PB 0x00000000ebc00000| Complete 
| 189|0x00000000ebd00000, 0x00000000ebe00000, 0x00000000ebe00000|100%| E|CS|TAMS 0x00000000ebd00000| PB 0x00000000ebd00000| Complete 
| 190|0x00000000ebe00000, 0x00000000ebf00000, 0x00000000ebf00000|100%| E|CS|TAMS 0x00000000ebe00000| PB 0x00000000ebe00000| Complete 
| 191|0x00000000ebf00000, 0x00000000ec000000, 0x00000000ec000000|100%| E|CS|TAMS 0x00000000ebf00000| PB 0x00000000ebf00000| Complete 
| 192|0x00000000ec000000, 0x00000000ec100000, 0x00000000ec100000|100%| E|CS|TAMS 0x00000000ec000000| PB 0x00000000ec000000| Complete 
| 193|0x00000000ec100000, 0x00000000ec200000, 0x00000000ec200000|100%| E|CS|TAMS 0x00000000ec100000| PB 0x00000000ec100000| Complete 
| 194|0x00000000ec200000, 0x00000000ec300000, 0x00000000ec300000|100%| E|CS|TAMS 0x00000000ec200000| PB 0x00000000ec200000| Complete 
| 195|0x00000000ec300000, 0x00000000ec400000, 0x00000000ec400000|100%| E|CS|TAMS 0x00000000ec300000| PB 0x00000000ec300000| Complete 
| 196|0x00000000ec400000, 0x00000000ec500000, 0x00000000ec500000|100%| E|CS|TAMS 0x00000000ec400000| PB 0x00000000ec400000| Complete 
| 197|0x00000000ec500000, 0x00000000ec600000, 0x00000000ec600000|100%| E|CS|TAMS 0x00000000ec500000| PB 0x00000000ec500000| Complete 
| 198|0x00000000ec600000, 0x00000000ec700000, 0x00000000ec700000|100%| E|CS|TAMS 0x00000000ec600000| PB 0x00000000ec600000| Complete 
| 199|0x00000000ec700000, 0x00000000ec800000, 0x00000000ec800000|100%| E|CS|TAMS 0x00000000ec700000| PB 0x00000000ec700000| Complete 
| 200|0x00000000ec800000, 0x00000000ec900000, 0x00000000ec900000|100%| E|CS|TAMS 0x00000000ec800000| PB 0x00000000ec800000| Complete 
| 201|0x00000000ec900000, 0x00000000eca00000, 0x00000000eca00000|100%| E|CS|TAMS 0x00000000ec900000| PB 0x00000000ec900000| Complete 
| 202|0x00000000eca00000, 0x00000000ecb00000, 0x00000000ecb00000|100%| E|CS|TAMS 0x00000000eca00000| PB 0x00000000eca00000| Complete 
| 203|0x00000000ecb00000, 0x00000000ecc00000, 0x00000000ecc00000|100%| E|CS|TAMS 0x00000000ecb00000| PB 0x00000000ecb00000| Complete 
| 204|0x00000000ecc00000, 0x00000000ecd00000, 0x00000000ecd00000|100%| E|CS|TAMS 0x00000000ecc00000| PB 0x00000000ecc00000| Complete 
| 205|0x00000000ecd00000, 0x00000000ece00000, 0x00000000ece00000|100%| E|CS|TAMS 0x00000000ecd00000| PB 0x00000000ecd00000| Complete 
| 206|0x00000000ece00000, 0x00000000ecf00000, 0x00000000ecf00000|100%| E|CS|TAMS 0x00000000ece00000| PB 0x00000000ece00000| Complete 
| 207|0x00000000ecf00000, 0x00000000ed000000, 0x00000000ed000000|100%| E|CS|TAMS 0x00000000ecf00000| PB 0x00000000ecf00000| Complete 
| 208|0x00000000ed000000, 0x00000000ed100000, 0x00000000ed100000|100%| E|CS|TAMS 0x00000000ed000000| PB 0x00000000ed000000| Complete 
| 209|0x00000000ed100000, 0x00000000ed200000, 0x00000000ed200000|100%| E|CS|TAMS 0x00000000ed100000| PB 0x00000000ed100000| Complete 
| 210|0x00000000ed200000, 0x00000000ed300000, 0x00000000ed300000|100%| E|CS|TAMS 0x00000000ed200000| PB 0x00000000ed200000| Complete 
| 211|0x00000000ed300000, 0x00000000ed400000, 0x00000000ed400000|100%| E|CS|TAMS 0x00000000ed300000| PB 0x00000000ed300000| Complete 
| 212|0x00000000ed400000, 0x00000000ed500000, 0x00000000ed500000|100%| E|CS|TAMS 0x00000000ed400000| PB 0x00000000ed400000| Complete 
| 213|0x00000000ed500000, 0x00000000ed600000, 0x00000000ed600000|100%| E|CS|TAMS 0x00000000ed500000| PB 0x00000000ed500000| Complete 
| 214|0x00000000ed600000, 0x00000000ed700000, 0x00000000ed700000|100%| E|CS|TAMS 0x00000000ed600000| PB 0x00000000ed600000| Complete 
| 215|0x00000000ed700000, 0x00000000ed800000, 0x00000000ed800000|100%| E|CS|TAMS 0x00000000ed700000| PB 0x00000000ed700000| Complete 
| 216|0x00000000ed800000, 0x00000000ed900000, 0x00000000ed900000|100%| E|CS|TAMS 0x00000000ed800000| PB 0x00000000ed800000| Complete 
| 217|0x00000000ed900000, 0x00000000eda00000, 0x00000000eda00000|100%| E|CS|TAMS 0x00000000ed900000| PB 0x00000000ed900000| Complete 
| 218|0x00000000eda00000, 0x00000000edb00000, 0x00000000edb00000|100%| E|CS|TAMS 0x00000000eda00000| PB 0x00000000eda00000| Complete 
| 219|0x00000000edb00000, 0x00000000edc00000, 0x00000000edc00000|100%| E|CS|TAMS 0x00000000edb00000| PB 0x00000000edb00000| Complete 
| 220|0x00000000edc00000, 0x00000000edd00000, 0x00000000edd00000|100%| E|CS|TAMS 0x00000000edc00000| PB 0x00000000edc00000| Complete 
| 221|0x00000000edd00000, 0x00000000ede00000, 0x00000000ede00000|100%| E|CS|TAMS 0x00000000edd00000| PB 0x00000000edd00000| Complete 
| 222|0x00000000ede00000, 0x00000000edf00000, 0x00000000edf00000|100%| E|CS|TAMS 0x00000000ede00000| PB 0x00000000ede00000| Complete 
| 223|0x00000000edf00000, 0x00000000ee000000, 0x00000000ee000000|100%| E|CS|TAMS 0x00000000edf00000| PB 0x00000000edf00000| Complete 
| 224|0x00000000ee000000, 0x00000000ee100000, 0x00000000ee100000|100%| E|CS|TAMS 0x00000000ee000000| PB 0x00000000ee000000| Complete 
| 225|0x00000000ee100000, 0x00000000ee200000, 0x00000000ee200000|100%| E|CS|TAMS 0x00000000ee100000| PB 0x00000000ee100000| Complete 
| 226|0x00000000ee200000, 0x00000000ee300000, 0x00000000ee300000|100%| E|CS|TAMS 0x00000000ee200000| PB 0x00000000ee200000| Complete 
| 227|0x00000000ee300000, 0x00000000ee400000, 0x00000000ee400000|100%| E|CS|TAMS 0x00000000ee300000| PB 0x00000000ee300000| Complete 
| 228|0x00000000ee400000, 0x00000000ee500000, 0x00000000ee500000|100%| E|CS|TAMS 0x00000000ee400000| PB 0x00000000ee400000| Complete 
| 229|0x00000000ee500000, 0x00000000ee600000, 0x00000000ee600000|100%| E|CS|TAMS 0x00000000ee500000| PB 0x00000000ee500000| Complete 
| 230|0x00000000ee600000, 0x00000000ee700000, 0x00000000ee700000|100%| E|CS|TAMS 0x00000000ee600000| PB 0x00000000ee600000| Complete 
| 231|0x00000000ee700000, 0x00000000ee800000, 0x00000000ee800000|100%| E|CS|TAMS 0x00000000ee700000| PB 0x00000000ee700000| Complete 
| 232|0x00000000ee800000, 0x00000000ee900000, 0x00000000ee900000|100%| E|CS|TAMS 0x00000000ee800000| PB 0x00000000ee800000| Complete 
| 233|0x00000000ee900000, 0x00000000eea00000, 0x00000000eea00000|100%| E|  |TAMS 0x00000000ee900000| PB 0x00000000ee900000| Complete 
| 234|0x00000000eea00000, 0x00000000eeb00000, 0x00000000eeb00000|100%| E|CS|TAMS 0x00000000eea00000| PB 0x00000000eea00000| Complete 
| 235|0x00000000eeb00000, 0x00000000eec00000, 0x00000000eec00000|100%| E|CS|TAMS 0x00000000eeb00000| PB 0x00000000eeb00000| Complete 
| 236|0x00000000eec00000, 0x00000000eed00000, 0x00000000eed00000|100%| E|CS|TAMS 0x00000000eec00000| PB 0x00000000eec00000| Complete 
| 237|0x00000000eed00000, 0x00000000eee00000, 0x00000000eee00000|100%| E|CS|TAMS 0x00000000eed00000| PB 0x00000000eed00000| Complete 
| 238|0x00000000eee00000, 0x00000000eef00000, 0x00000000eef00000|100%| E|CS|TAMS 0x00000000eee00000| PB 0x00000000eee00000| Complete 
| 239|0x00000000eef00000, 0x00000000ef000000, 0x00000000ef000000|100%| E|CS|TAMS 0x00000000eef00000| PB 0x00000000eef00000| Complete 
| 240|0x00000000ef000000, 0x00000000ef100000, 0x00000000ef100000|100%| E|CS|TAMS 0x00000000ef000000| PB 0x00000000ef000000| Complete 
| 241|0x00000000ef100000, 0x00000000ef200000, 0x00000000ef200000|100%| E|CS|TAMS 0x00000000ef100000| PB 0x00000000ef100000| Complete 
| 242|0x00000000ef200000, 0x00000000ef300000, 0x00000000ef300000|100%| E|CS|TAMS 0x00000000ef200000| PB 0x00000000ef200000| Complete 
| 243|0x00000000ef300000, 0x00000000ef400000, 0x00000000ef400000|100%| E|CS|TAMS 0x00000000ef300000| PB 0x00000000ef300000| Complete 
| 244|0x00000000ef400000, 0x00000000ef500000, 0x00000000ef500000|100%| E|CS|TAMS 0x00000000ef400000| PB 0x00000000ef400000| Complete 
| 245|0x00000000ef500000, 0x00000000ef600000, 0x00000000ef600000|100%| E|CS|TAMS 0x00000000ef500000| PB 0x00000000ef500000| Complete 
| 246|0x00000000ef600000, 0x00000000ef700000, 0x00000000ef700000|100%| E|CS|TAMS 0x00000000ef600000| PB 0x00000000ef600000| Complete 
| 247|0x00000000ef700000, 0x00000000ef800000, 0x00000000ef800000|100%| E|CS|TAMS 0x00000000ef700000| PB 0x00000000ef700000| Complete 
| 248|0x00000000ef800000, 0x00000000ef900000, 0x00000000ef900000|100%| E|CS|TAMS 0x00000000ef800000| PB 0x00000000ef800000| Complete 
| 249|0x00000000ef900000, 0x00000000efa00000, 0x00000000efa00000|100%| E|CS|TAMS 0x00000000ef900000| PB 0x00000000ef900000| Complete 
| 250|0x00000000efa00000, 0x00000000efb00000, 0x00000000efb00000|100%| E|CS|TAMS 0x00000000efa00000| PB 0x00000000efa00000| Complete 
| 251|0x00000000efb00000, 0x00000000efc00000, 0x00000000efc00000|100%| E|CS|TAMS 0x00000000efb00000| PB 0x00000000efb00000| Complete 
| 252|0x00000000efc00000, 0x00000000efd00000, 0x00000000efd00000|100%| E|CS|TAMS 0x00000000efc00000| PB 0x00000000efc00000| Complete 
| 253|0x00000000efd00000, 0x00000000efe00000, 0x00000000efe00000|100%| E|CS|TAMS 0x00000000efd00000| PB 0x00000000efd00000| Complete 
| 254|0x00000000efe00000, 0x00000000eff00000, 0x00000000eff00000|100%| E|CS|TAMS 0x00000000efe00000| PB 0x00000000efe00000| Complete 
| 255|0x00000000eff00000, 0x00000000f0000000, 0x00000000f0000000|100%| E|CS|TAMS 0x00000000eff00000| PB 0x00000000eff00000| Complete 

Card table byte_map: [0x0000020beec10000,0x0000020beed10000] _byte_map_base: 0x0000020bee510000

Marking Bits: (CMBitMap*) 0x0000020bd62f85c0
 Bits: [0x0000020beed10000, 0x0000020bef510000)

Polling page: 0x0000020bd4ad0000

Metaspace:

Usage:
  Non-class:     56.53 MB used.
      Class:      8.77 MB used.
       Both:     65.31 MB used.

Virtual space:
  Non-class space:       64.00 MB reserved,      57.50 MB ( 90%) committed,  1 nodes.
      Class space:      320.00 MB reserved,       9.88 MB (  3%) committed,  1 nodes.
             Both:      384.00 MB reserved,      67.38 MB ( 18%) committed. 

Chunk freelists:
   Non-Class:  6.06 MB
       Class:  5.97 MB
        Both:  12.04 MB

MaxMetaspaceSize: 384.00 MB
CompressedClassSpaceSize: 320.00 MB
Initial GC threshold: 21.00 MB
Current GC threshold: 100.44 MB
CDS: on
 - commit_granule_bytes: 65536.
 - commit_granule_words: 8192.
 - virtual_space_node_default_size: 8388608.
 - enlarge_chunks_in_place: 1.
 - use_allocation_guard: 0.


Internal statistics:

num_allocs_failed_limit: 18.
num_arena_births: 3930.
num_arena_deaths: 0.
num_vsnodes_births: 2.
num_vsnodes_deaths: 0.
num_space_committed: 1078.
num_space_uncommitted: 0.
num_chunks_returned_to_freelist: 18.
num_chunks_taken_from_freelist: 7476.
num_chunk_merges: 18.
num_chunk_splits: 4683.
num_chunks_enlarged: 2688.
num_inconsistent_stats: 0.

CodeHeap 'non-profiled nmethods': size=119168Kb used=8369Kb max_used=8369Kb free=110798Kb
 bounds [0x0000020be66f0000, 0x0000020be6f20000, 0x0000020bedb50000]
CodeHeap 'profiled nmethods': size=119104Kb used=28530Kb max_used=28530Kb free=90573Kb
 bounds [0x0000020bdeb50000, 0x0000020be0730000, 0x0000020be5fa0000]
CodeHeap 'non-nmethods': size=7488Kb used=4455Kb max_used=4552Kb free=3032Kb
 bounds [0x0000020be5fa0000, 0x0000020be6420000, 0x0000020be66f0000]
 total_blobs=14566 nmethods=13675 adapters=792
 compilation: enabled
              stopped_count=0, restarted_count=0
 full_count=0

Compilation events (20 events):
Event: 117.834 Thread 0x0000020bf9bbb2f0 nmethod 14399 0x0000020be0717090 code [0x0000020be0717240, 0x0000020be0717418]
Event: 117.835 Thread 0x0000020bf9bbe970 nmethod 14396 0x0000020be0717510 code [0x0000020be0717700, 0x0000020be0717b40]
Event: 117.835 Thread 0x0000020bf9bbe970 14400       3       org.gradle.execution.plan.ExecutionNodeAccessHierarchy::getNodesAccessing (17 bytes)
Event: 117.835 Thread 0x0000020bf2527080 nmethod 14398 0x0000020be0717d10 code [0x0000020be0717ec0, 0x0000020be0718170]
Event: 117.835 Thread 0x0000020bf2527080 14401       3       org.gradle.execution.plan.MissingTaskDependencyDetector::collectValidationProblemsForConsumer (44 bytes)
Event: 117.835 Thread 0x0000020bf9bbce30 nmethod 14397 0x0000020be0718290 code [0x0000020be0718460, 0x0000020be0718840]
Event: 117.835 Thread 0x0000020bf9bbce30 14402       3       org.gradle.execution.plan.MissingTaskDependencyDetector$$Lambda/0x0000020b819b5438::<init> (15 bytes)
Event: 117.835 Thread 0x0000020bf9bbb2f0 14403       3       org.gradle.execution.plan.MissingTaskDependencyDetector$$Lambda/0x0000020b819b58c0::<init> (26 bytes)
Event: 117.835 Thread 0x0000020bf9bbce30 nmethod 14402 0x0000020be0718a10 code [0x0000020be0718bc0, 0x0000020be0718de0]
Event: 117.835 Thread 0x0000020bf9bbe2a0 14404       4       java.util.stream.Collectors$CollectorImpl::<init> (32 bytes)
Event: 117.835 Thread 0x0000020bf9bbb2f0 nmethod 14403 0x0000020be0718e90 code [0x0000020be0719040, 0x0000020be0719318]
Event: 117.835 Thread 0x0000020bf9bbe970 nmethod 14400 0x0000020be0719410 code [0x0000020be07196c0, 0x0000020be071a470]
Event: 117.837 Thread 0x0000020bf9bbce30 14405       1       org.gradle.api.internal.tasks.properties.AbstractFilePropertySpec::getPropertyFiles (5 bytes)
Event: 117.837 Thread 0x0000020bf9bbce30 nmethod 14405 0x0000020be6f19110 code [0x0000020be6f192a0, 0x0000020be6f19368]
Event: 117.838 Thread 0x0000020bf251ffb0 14406       4       java.lang.StringBuilder::append (6 bytes)
Event: 117.838 Thread 0x0000020bf9bbe970 14407       3       java.io.ObjectStreamField::getTypeString (16 bytes)
Event: 117.838 Thread 0x0000020bf9bbb2f0 14408       3       java.io.ObjectOutputStream::writeTypeString (40 bytes)
Event: 117.839 Thread 0x0000020bf9bbe970 nmethod 14407 0x0000020be071aa10 code [0x0000020be071ac40, 0x0000020be071b3f8]
Event: 117.841 Thread 0x0000020bf9bbce30 14409       3       org.gradle.api.internal.file.DefaultFileCollectionFactory::resolving (9 bytes)
Event: 117.843 Thread 0x0000020bf9bbe970 14410       3       org.gradle.api.internal.file.AbstractFileTree::<init> (7 bytes)

GC Heap History (20 events):
Event: 3.546 GC heap before
{Heap before GC invocations=3 (full 0):
 garbage-first heap   total 262144K, used 102135K [0x00000000e0000000, 0x0000000100000000)
  region size 1024K, 89 young (91136K), 6 survivors (6144K)
 Metaspace       used 20936K, committed 21504K, reserved 393216K
  class space    used 2920K, committed 3200K, reserved 327680K
}
Event: 3.555 GC heap after
{Heap after GC invocations=4 (full 0):
 garbage-first heap   total 262144K, used 24617K [0x00000000e0000000, 0x0000000100000000)
  region size 1024K, 12 young (12288K), 12 survivors (12288K)
 Metaspace       used 20936K, committed 21504K, reserved 393216K
  class space    used 2920K, committed 3200K, reserved 327680K
}
Event: 5.459 GC heap before
{Heap before GC invocations=5 (full 0):
 garbage-first heap   total 262144K, used 133161K [0x00000000e0000000, 0x0000000100000000)
  region size 1024K, 115 young (117760K), 12 survivors (12288K)
 Metaspace       used 34940K, committed 35968K, reserved 393216K
  class space    used 4718K, committed 5248K, reserved 327680K
}
Event: 5.469 GC heap after
{Heap after GC invocations=6 (full 0):
 garbage-first heap   total 262144K, used 35534K [0x00000000e0000000, 0x0000000100000000)
  region size 1024K, 15 young (15360K), 15 survivors (15360K)
 Metaspace       used 34940K, committed 35968K, reserved 393216K
  class space    used 4718K, committed 5248K, reserved 327680K
}
Event: 5.473 GC heap before
{Heap before GC invocations=6 (full 0):
 garbage-first heap   total 262144K, used 35534K [0x00000000e0000000, 0x0000000100000000)
  region size 1024K, 16 young (16384K), 15 survivors (15360K)
 Metaspace       used 35263K, committed 36288K, reserved 393216K
  class space    used 4718K, committed 5248K, reserved 327680K
}
Event: 5.479 GC heap after
{Heap after GC invocations=7 (full 0):
 garbage-first heap   total 262144K, used 34525K [0x00000000e0000000, 0x0000000100000000)
  region size 1024K, 9 young (9216K), 9 survivors (9216K)
 Metaspace       used 35263K, committed 36288K, reserved 393216K
  class space    used 4718K, committed 5248K, reserved 327680K
}
Event: 5.515 GC heap before
{Heap before GC invocations=7 (full 0):
 garbage-first heap   total 262144K, used 35549K [0x00000000e0000000, 0x0000000100000000)
  region size 1024K, 11 young (11264K), 9 survivors (9216K)
 Metaspace       used 35612K, committed 36608K, reserved 393216K
  class space    used 4746K, committed 5248K, reserved 327680K
}
Event: 5.519 GC heap after
{Heap after GC invocations=8 (full 0):
 garbage-first heap   total 262144K, used 32145K [0x00000000e0000000, 0x0000000100000000)
  region size 1024K, 9 young (9216K), 9 survivors (9216K)
 Metaspace       used 35612K, committed 36608K, reserved 393216K
  class space    used 4746K, committed 5248K, reserved 327680K
}
Event: 7.961 GC heap before
{Heap before GC invocations=9 (full 0):
 garbage-first heap   total 262144K, used 180625K [0x00000000e0000000, 0x0000000100000000)
  region size 1024K, 153 young (156672K), 9 survivors (9216K)
 Metaspace       used 51425K, committed 53184K, reserved 393216K
  class space    used 7093K, committed 8000K, reserved 327680K
}
Event: 7.979 GC heap after
{Heap after GC invocations=10 (full 0):
 garbage-first heap   total 262144K, used 40421K [0x00000000e0000000, 0x0000000100000000)
  region size 1024K, 17 young (17408K), 17 survivors (17408K)
 Metaspace       used 51425K, committed 53184K, reserved 393216K
  class space    used 7093K, committed 8000K, reserved 327680K
}
Event: 10.955 GC heap before
{Heap before GC invocations=10 (full 0):
 garbage-first heap   total 262144K, used 160229K [0x00000000e0000000, 0x0000000100000000)
  region size 1024K, 135 young (138240K), 17 survivors (17408K)
 Metaspace       used 59394K, committed 61248K, reserved 393216K
  class space    used 8248K, committed 9216K, reserved 327680K
}
Event: 10.979 GC heap after
{Heap after GC invocations=11 (full 0):
 garbage-first heap   total 262144K, used 50109K [0x00000000e0000000, 0x0000000100000000)
  region size 1024K, 19 young (19456K), 19 survivors (19456K)
 Metaspace       used 59394K, committed 61248K, reserved 393216K
  class space    used 8248K, committed 9216K, reserved 327680K
}
Event: 11.287 GC heap before
{Heap before GC invocations=11 (full 0):
 garbage-first heap   total 262144K, used 56253K [0x00000000e0000000, 0x0000000100000000)
  region size 1024K, 26 young (26624K), 19 survivors (19456K)
 Metaspace       used 59713K, committed 61568K, reserved 393216K
  class space    used 8268K, committed 9216K, reserved 327680K
}
Event: 11.300 GC heap after
{Heap after GC invocations=12 (full 0):
 garbage-first heap   total 262144K, used 51443K [0x00000000e0000000, 0x0000000100000000)
  region size 1024K, 12 young (12288K), 12 survivors (12288K)
 Metaspace       used 59713K, committed 61568K, reserved 393216K
  class space    used 8268K, committed 9216K, reserved 327680K
}
Event: 15.576 GC heap before
{Heap before GC invocations=13 (full 0):
 garbage-first heap   total 262144K, used 195827K [0x00000000e0000000, 0x0000000100000000)
  region size 1024K, 153 young (156672K), 12 survivors (12288K)
 Metaspace       used 63711K, committed 65792K, reserved 393216K
  class space    used 8747K, committed 9856K, reserved 327680K
}
Event: 15.601 GC heap after
{Heap after GC invocations=14 (full 0):
 garbage-first heap   total 262144K, used 58869K [0x00000000e0000000, 0x0000000100000000)
  region size 1024K, 19 young (19456K), 19 survivors (19456K)
 Metaspace       used 63711K, committed 65792K, reserved 393216K
  class space    used 8747K, committed 9856K, reserved 327680K
}
Event: 50.423 GC heap before
{Heap before GC invocations=14 (full 0):
 garbage-first heap   total 262144K, used 196085K [0x00000000e0000000, 0x0000000100000000)
  region size 1024K, 153 young (156672K), 19 survivors (19456K)
 Metaspace       used 65847K, committed 67968K, reserved 393216K
  class space    used 8969K, committed 10048K, reserved 327680K
}
Event: 50.433 GC heap after
{Heap after GC invocations=15 (full 0):
 garbage-first heap   total 262144K, used 64535K [0x00000000e0000000, 0x0000000100000000)
  region size 1024K, 16 young (16384K), 16 survivors (16384K)
 Metaspace       used 65847K, committed 67968K, reserved 393216K
  class space    used 8969K, committed 10048K, reserved 327680K
}
Event: 117.028 GC heap before
{Heap before GC invocations=15 (full 0):
 garbage-first heap   total 262144K, used 203799K [0x00000000e0000000, 0x0000000100000000)
  region size 1024K, 153 young (156672K), 16 survivors (16384K)
 Metaspace       used 66722K, committed 68928K, reserved 393216K
  class space    used 8980K, committed 10112K, reserved 327680K
}
Event: 117.034 GC heap after
{Heap after GC invocations=16 (full 0):
 garbage-first heap   total 262144K, used 63263K [0x00000000e0000000, 0x0000000100000000)
  region size 1024K, 6 young (6144K), 6 survivors (6144K)
 Metaspace       used 66722K, committed 68928K, reserved 393216K
  class space    used 8980K, committed 10112K, reserved 327680K
}

Dll operation events (15 events):
Event: 0.019 Loaded shared library C:\Program Files\Zulu\zulu-21\bin\java.dll
Event: 0.065 Loaded shared library C:\Program Files\Zulu\zulu-21\bin\jsvml.dll
Event: 0.107 Loaded shared library C:\Program Files\Zulu\zulu-21\bin\zip.dll
Event: 0.112 Loaded shared library C:\Program Files\Zulu\zulu-21\bin\instrument.dll
Event: 0.119 Loaded shared library C:\Program Files\Zulu\zulu-21\bin\net.dll
Event: 0.124 Loaded shared library C:\Program Files\Zulu\zulu-21\bin\nio.dll
Event: 0.129 Loaded shared library C:\Program Files\Zulu\zulu-21\bin\zip.dll
Event: 0.444 Loaded shared library C:\Program Files\Zulu\zulu-21\bin\jimage.dll
Event: 0.609 Loaded shared library C:\Program Files\Zulu\zulu-21\bin\verify.dll
Event: 0.770 Loaded shared library C:\Users\alswj\.gradle\native\1def1411415f61bf3af743bc5b6707747c0891f09f0c88961ee8f79bc544acac\windows-amd64\native-platform.dll
Event: 0.778 Loaded shared library C:\Users\alswj\.gradle\native\0.2.6\x86_64-windows-gnu\gradle-fileevents.dll
Event: 2.092 Loaded shared library C:\Program Files\Zulu\zulu-21\bin\management.dll
Event: 2.095 Loaded shared library C:\Program Files\Zulu\zulu-21\bin\management_ext.dll
Event: 2.220 Loaded shared library C:\Program Files\Zulu\zulu-21\bin\extnet.dll
Event: 2.409 Loaded shared library C:\Program Files\Zulu\zulu-21\bin\sunmscapi.dll

Deoptimization events (20 events):
Event: 117.829 Thread 0x0000020bfc102d70 Uncommon trap: trap_request=0xffffffd6 fr.pc=0x0000020be6cf418c relative=0x000000000000082c
Event: 117.829 Thread 0x0000020bfc102d70 Uncommon trap: reason=array_check action=maybe_recompile pc=0x0000020be6cf418c method=java.util.TimSort.binarySort([Ljava/lang/Object;IIILjava/util/Comparator;)V @ 193 c2
Event: 117.829 Thread 0x0000020bfc102d70 DEOPT PACKING pc=0x0000020be6cf418c sp=0x000000de8aafcbe0
Event: 117.829 Thread 0x0000020bfc102d70 DEOPT UNPACKING pc=0x0000020be5ff46a2 sp=0x000000de8aafcb78 mode 2
Event: 117.835 Thread 0x0000020bfc102d70 Uncommon trap: trap_request=0xffffffc6 fr.pc=0x0000020be6aef0d4 relative=0x0000000000000194
Event: 117.836 Thread 0x0000020bfc102d70 Uncommon trap: reason=bimorphic_or_optimized_type_check action=maybe_recompile pc=0x0000020be6aef0d4 method=com.google.common.collect.RegularImmutableMap.get(Ljava/lang/Object;[Lcom/google/common/collect/ImmutableMapEntry;I)Ljava/lang/Object; @ 54 c2
Event: 117.836 Thread 0x0000020bfc102d70 DEOPT PACKING pc=0x0000020be6aef0d4 sp=0x000000de8aafcb60
Event: 117.836 Thread 0x0000020bfc102d70 DEOPT UNPACKING pc=0x0000020be5ff46a2 sp=0x000000de8aafcaf8 mode 2
Event: 117.836 Thread 0x0000020bfc102d70 Uncommon trap: trap_request=0xffffffc6 fr.pc=0x0000020be6aef0d4 relative=0x0000000000000194
Event: 117.836 Thread 0x0000020bfc102d70 Uncommon trap: reason=bimorphic_or_optimized_type_check action=maybe_recompile pc=0x0000020be6aef0d4 method=com.google.common.collect.RegularImmutableMap.get(Ljava/lang/Object;[Lcom/google/common/collect/ImmutableMapEntry;I)Ljava/lang/Object; @ 54 c2
Event: 117.836 Thread 0x0000020bfc102d70 DEOPT PACKING pc=0x0000020be6aef0d4 sp=0x000000de8aafcb60
Event: 117.836 Thread 0x0000020bfc102d70 DEOPT UNPACKING pc=0x0000020be5ff46a2 sp=0x000000de8aafcaf8 mode 2
Event: 117.836 Thread 0x0000020bfc102d70 Uncommon trap: trap_request=0xffffffc6 fr.pc=0x0000020be6aef0d4 relative=0x0000000000000194
Event: 117.836 Thread 0x0000020bfc102d70 Uncommon trap: reason=bimorphic_or_optimized_type_check action=maybe_recompile pc=0x0000020be6aef0d4 method=com.google.common.collect.RegularImmutableMap.get(Ljava/lang/Object;[Lcom/google/common/collect/ImmutableMapEntry;I)Ljava/lang/Object; @ 54 c2
Event: 117.836 Thread 0x0000020bfc102d70 DEOPT PACKING pc=0x0000020be6aef0d4 sp=0x000000de8aafca70
Event: 117.836 Thread 0x0000020bfc102d70 DEOPT UNPACKING pc=0x0000020be5ff46a2 sp=0x000000de8aafca08 mode 2
Event: 117.836 Thread 0x0000020bfc102d70 Uncommon trap: trap_request=0xffffffc6 fr.pc=0x0000020be6aef0d4 relative=0x0000000000000194
Event: 117.836 Thread 0x0000020bfc102d70 Uncommon trap: reason=bimorphic_or_optimized_type_check action=maybe_recompile pc=0x0000020be6aef0d4 method=com.google.common.collect.RegularImmutableMap.get(Ljava/lang/Object;[Lcom/google/common/collect/ImmutableMapEntry;I)Ljava/lang/Object; @ 54 c2
Event: 117.836 Thread 0x0000020bfc102d70 DEOPT PACKING pc=0x0000020be6aef0d4 sp=0x000000de8aafca60
Event: 117.836 Thread 0x0000020bfc102d70 DEOPT UNPACKING pc=0x0000020be5ff46a2 sp=0x000000de8aafc9f8 mode 2

Classes loaded (20 events):
Event: 16.091 Loading class java/io/CharArrayWriter
Event: 16.092 Loading class java/io/CharArrayWriter done
Event: 16.624 Loading class java/io/ObjectStreamClass$ExceptionInfo
Event: 16.625 Loading class java/util/concurrent/ConcurrentLinkedQueue$Itr
Event: 16.625 Loading class java/io/ObjectStreamClass$ExceptionInfo done
Event: 16.625 Loading class java/util/concurrent/ConcurrentLinkedQueue$Itr done
Event: 16.658 Loading class java/util/concurrent/ConcurrentHashMap$EntrySpliterator
Event: 16.658 Loading class java/util/concurrent/ConcurrentHashMap$EntrySpliterator done
Event: 16.777 Loading class java/time/Instant$1
Event: 16.778 Loading class java/time/Instant$1 done
Event: 16.858 Loading class java/util/concurrent/CompletableFuture$AsyncRun
Event: 16.858 Loading class java/util/concurrent/CompletableFuture$AsyncRun done
Event: 48.763 Loading class jdk/internal/math/FormattedFPDecimal
Event: 48.763 Loading class jdk/internal/math/FormattedFPDecimal done
Event: 48.763 Loading class sun/text/resources/cldr/FormatData_en
Event: 48.764 Loading class sun/text/resources/cldr/FormatData_en done
Event: 48.837 Loading class java/util/AbstractList$ListItr
Event: 48.838 Loading class java/util/AbstractList$ListItr done
Event: 48.997 Loading class java/lang/foreign/MemorySegment
Event: 49.004 Loading class java/lang/foreign/MemorySegment done

Classes unloaded (0 events):
No events

Classes redefined (0 events):
No events

Internal exceptions (20 events):
Event: 75.972 Thread 0x0000020bf8b2eb90 Exception <a 'sun/nio/fs/WindowsException'{0x00000000ef776990}> (0x00000000ef776990) 
thrown [s\src\hotspot\share\prims\jni.cpp, line 520]
Event: 75.987 Thread 0x0000020bf8b2eb90 Exception <a 'sun/nio/fs/WindowsException'{0x00000000ef777e70}> (0x00000000ef777e70) 
thrown [s\src\hotspot\share\prims\jni.cpp, line 520]
Event: 75.988 Thread 0x0000020bf8b2eb90 Exception <a 'sun/nio/fs/WindowsException'{0x00000000ef779340}> (0x00000000ef779340) 
thrown [s\src\hotspot\share\prims\jni.cpp, line 520]
Event: 75.988 Thread 0x0000020bf8b2eb90 Exception <a 'sun/nio/fs/WindowsException'{0x00000000ef77a408}> (0x00000000ef77a408) 
thrown [s\src\hotspot\share\prims\jni.cpp, line 520]
Event: 76.358 Thread 0x0000020bf8b2eb90 Exception <a 'java/lang/NoClassDefFoundError'{0x00000000ef2f9498}: org/jetbrains/kotlin/gradle/plugin/KotlinPluginWrapper> (0x00000000ef2f9498) 
thrown [s\src\hotspot\share\oops\constantPool.cpp, line 873]
Event: 76.359 Thread 0x0000020bf8b2eb90 Exception <a 'java/lang/NoClassDefFoundError'{0x00000000ef2fb5f0}: org/graalvm/buildtools/gradle/NativeImagePlugin> (0x00000000ef2fb5f0) 
thrown [s\src\hotspot\share\oops\constantPool.cpp, line 873]
Event: 76.359 Thread 0x0000020bf8b2eb90 Exception <a 'java/lang/NoClassDefFoundError'{0x00000000ef2fd738}: org/cyclonedx/gradle/CycloneDxPlugin> (0x00000000ef2fd738) 
thrown [s\src\hotspot\share\oops\constantPool.cpp, line 873]
Event: 116.693 Thread 0x0000020bf8b2eb90 Exception <a 'sun/nio/fs/WindowsException'{0x00000000e8a53c48}> (0x00000000e8a53c48) 
thrown [s\src\hotspot\share\prims\jni.cpp, line 520]
Event: 116.693 Thread 0x0000020bf8b2eb90 Exception <a 'sun/nio/fs/WindowsException'{0x00000000e8a55128}> (0x00000000e8a55128) 
thrown [s\src\hotspot\share\prims\jni.cpp, line 520]
Event: 116.693 Thread 0x0000020bf8b2eb90 Exception <a 'sun/nio/fs/WindowsException'{0x00000000e8a565f8}> (0x00000000e8a565f8) 
thrown [s\src\hotspot\share\prims\jni.cpp, line 520]
Event: 116.694 Thread 0x0000020bf8b2eb90 Exception <a 'sun/nio/fs/WindowsException'{0x00000000e8a576c0}> (0x00000000e8a576c0) 
thrown [s\src\hotspot\share\prims\jni.cpp, line 520]
Event: 116.818 Thread 0x0000020bf8b2eb90 Exception <a 'java/lang/NoClassDefFoundError'{0x00000000e843bc28}: org/jetbrains/kotlin/gradle/plugin/KotlinPluginWrapper> (0x00000000e843bc28) 
thrown [s\src\hotspot\share\oops\constantPool.cpp, line 873]
Event: 116.818 Thread 0x0000020bf8b2eb90 Exception <a 'java/lang/NoClassDefFoundError'{0x00000000e843dd80}: org/graalvm/buildtools/gradle/NativeImagePlugin> (0x00000000e843dd80) 
thrown [s\src\hotspot\share\oops\constantPool.cpp, line 873]
Event: 116.818 Thread 0x0000020bf8b2eb90 Exception <a 'java/lang/NoClassDefFoundError'{0x00000000e843fec8}: org/cyclonedx/gradle/CycloneDxPlugin> (0x00000000e843fec8) 
thrown [s\src\hotspot\share\oops\constantPool.cpp, line 873]
Event: 117.034 Thread 0x0000020bf8b2eb90 Implicit null exception at 0x0000020be6eb1e9e to 0x0000020be6eb2350
Event: 117.322 Thread 0x0000020bf8b2eb90 Implicit null exception at 0x0000020be673ed20 to 0x0000020be673f37c
Event: 117.565 Thread 0x0000020bf8b2eb90 Implicit null exception at 0x0000020be6efcbe1 to 0x0000020be6efda58
Event: 117.575 Thread 0x0000020bf8b2eb90 Implicit null exception at 0x0000020be6efcbe1 to 0x0000020be6efda58
Event: 117.588 Thread 0x0000020bf8b2eb90 Implicit null exception at 0x0000020be6efcbe1 to 0x0000020be6efda58
Event: 117.591 Thread 0x0000020bf8b2eb90 Implicit null exception at 0x0000020be6efcbe1 to 0x0000020be6efda58

ZGC Phase Switch (0 events):
No events

VM Operations (20 events):
Event: 64.263 Executing VM operation: Cleanup done
Event: 71.322 Executing VM operation: Cleanup
Event: 71.322 Executing VM operation: Cleanup done
Event: 73.347 Executing VM operation: Cleanup
Event: 73.347 Executing VM operation: Cleanup done
Event: 76.378 Executing VM operation: Cleanup
Event: 76.379 Executing VM operation: Cleanup done
Event: 77.382 Executing VM operation: Cleanup
Event: 77.382 Executing VM operation: Cleanup done
Event: 78.309 Executing VM operation: ICBufferFull
Event: 78.309 Executing VM operation: ICBufferFull done
Event: 79.324 Executing VM operation: Cleanup
Event: 79.324 Executing VM operation: Cleanup done
Event: 102.490 Executing VM operation: Cleanup
Event: 102.490 Executing VM operation: Cleanup done
Event: 116.570 Executing VM operation: Cleanup
Event: 116.570 Executing VM operation: Cleanup done
Event: 117.028 Executing VM operation: G1CollectForAllocation (G1 Evacuation Pause)
Event: 117.034 Executing VM operation: G1CollectForAllocation (G1 Evacuation Pause) done
Event: 118.035 Executing VM operation: Cleanup

Memory protections (0 events):
No events

Nmethod flushes (20 events):
Event: 11.344 Thread 0x0000020bf24e1390 flushing  nmethod 0x0000020bdece5e90
Event: 11.344 Thread 0x0000020bf24e1390 flushing  nmethod 0x0000020bdeeb8f10
Event: 11.344 Thread 0x0000020bf24e1390 flushing  nmethod 0x0000020bdeeb9610
Event: 11.344 Thread 0x0000020bf24e1390 flushing  nmethod 0x0000020bdeebb190
Event: 11.344 Thread 0x0000020bf24e1390 flushing  nmethod 0x0000020bdeec8f90
Event: 11.344 Thread 0x0000020bf24e1390 flushing  nmethod 0x0000020bdeecba90
Event: 11.344 Thread 0x0000020bf24e1390 flushing  nmethod 0x0000020bdef22e10
Event: 11.344 Thread 0x0000020bf24e1390 flushing  nmethod 0x0000020bdef23f10
Event: 11.344 Thread 0x0000020bf24e1390 flushing  nmethod 0x0000020bdef24f10
Event: 11.344 Thread 0x0000020bf24e1390 flushing  nmethod 0x0000020bdef26690
Event: 11.344 Thread 0x0000020bf24e1390 flushing  nmethod 0x0000020bdef2a810
Event: 11.344 Thread 0x0000020bf24e1390 flushing  nmethod 0x0000020bdef2b710
Event: 11.344 Thread 0x0000020bf24e1390 flushing  nmethod 0x0000020bdf0b2e90
Event: 11.344 Thread 0x0000020bf24e1390 flushing  nmethod 0x0000020bdf0b6b10
Event: 11.344 Thread 0x0000020bf24e1390 flushing  nmethod 0x0000020bdf26ab90
Event: 11.344 Thread 0x0000020bf24e1390 flushing  nmethod 0x0000020bdf39d390
Event: 11.344 Thread 0x0000020bf24e1390 flushing  nmethod 0x0000020bdf39f490
Event: 11.344 Thread 0x0000020bf24e1390 flushing  nmethod 0x0000020bdec62910
Event: 11.344 Thread 0x0000020bf24e1390 flushing  nmethod 0x0000020bdefe3d10
Event: 11.344 Thread 0x0000020bf24e1390 flushing  nmethod 0x0000020bdf2afd90

Events (20 events):
Event: 117.765 Thread 0x0000020bfc0fc470 Thread added: 0x0000020bfc1061f0
Event: 117.765 Thread 0x0000020bfc0fc470 Thread added: 0x0000020bfc106880
Event: 117.765 Thread 0x0000020bfc0fc470 Thread added: 0x0000020bfc1054d0
Event: 117.767 Thread 0x0000020bfc102d70 Thread added: 0x0000020bfc106f10
Event: 117.791 Thread 0x0000020bfc102d70 Thread added: 0x0000020bfc105b60
Event: 117.792 Thread 0x0000020bfc102d70 Thread added: 0x0000020bfc1075a0
Event: 117.793 Thread 0x0000020bfc102d70 Thread added: 0x0000020bfc104120
Event: 117.793 Thread 0x0000020bfc102d70 Thread added: 0x0000020bfc107c30
Event: 117.794 Thread 0x0000020bfc102d70 Thread added: 0x0000020bfc1082c0
Event: 117.794 Thread 0x0000020bfc102d70 Thread added: 0x0000020bfc108950
Event: 117.794 Thread 0x0000020bfc102d70 Thread added: 0x0000020bfc108fe0
Event: 117.794 Thread 0x0000020bfc102d70 Thread added: 0x0000020bfc109670
Event: 117.794 Thread 0x0000020bfc102d70 Thread added: 0x0000020bf8f54570
Event: 117.795 Thread 0x0000020bfc102d70 Thread added: 0x0000020bf8f56640
Event: 117.795 Thread 0x0000020bfc102d70 Thread added: 0x0000020bf8f54c00
Event: 117.795 Thread 0x0000020bfc102d70 Thread added: 0x0000020bf8f56cd0
Event: 117.795 Thread 0x0000020bfc102d70 Thread added: 0x0000020bf8f53ee0
Event: 117.796 Thread 0x0000020bfc102d70 Thread added: 0x0000020bf8f57360
Event: 117.796 Thread 0x0000020bfc102d70 Thread added: 0x0000020bf8f58080
Event: 117.858 Thread 0x0000020bfc373c00 Thread exited: 0x0000020bfc373c00


Dynamic libraries:
0x00007ff673bc0000 - 0x00007ff673bce000 	C:\Program Files\Zulu\zulu-21\bin\java.exe
0x00007ff835a00000 - 0x00007ff835c66000 	C:\WINDOWS\SYSTEM32\ntdll.dll
0x00007ff8338e0000 - 0x00007ff8339a9000 	C:\WINDOWS\System32\KERNEL32.DLL
0x00007ff832dd0000 - 0x00007ff83319c000 	C:\WINDOWS\System32\KERNELBASE.dll
0x00007ff833490000 - 0x00007ff8335db000 	C:\WINDOWS\System32\ucrtbase.dll
0x00007ff81ee10000 - 0x00007ff81ee29000 	C:\Program Files\Zulu\zulu-21\bin\jli.dll
0x00007ff81e2c0000 - 0x00007ff81e2db000 	C:\Program Files\Zulu\zulu-21\bin\VCRUNTIME140.dll
0x00007ff8340b0000 - 0x00007ff83427a000 	C:\WINDOWS\System32\USER32.dll
0x00007ff8331a0000 - 0x00007ff8331c7000 	C:\WINDOWS\System32\win32u.dll
0x00007ff833e20000 - 0x00007ff833e4b000 	C:\WINDOWS\System32\GDI32.dll
0x00007ff8331d0000 - 0x00007ff833302000 	C:\WINDOWS\System32\gdi32full.dll
0x00007ff833710000 - 0x00007ff8337b3000 	C:\WINDOWS\System32\msvcp_win.dll
0x00007ff817960000 - 0x00007ff817bfa000 	C:\WINDOWS\WinSxS\amd64_microsoft.windows.common-controls_6595b64144ccf1df_6.0.26100.3912_none_3e07963ce335137e\COMCTL32.dll
0x00007ff8358b0000 - 0x00007ff835959000 	C:\WINDOWS\System32\msvcrt.dll
0x00007ff835640000 - 0x00007ff835670000 	C:\WINDOWS\System32\IMM32.DLL
0x00007ff82a1c0000 - 0x00007ff82a1cc000 	C:\Program Files\Zulu\zulu-21\bin\vcruntime140_1.dll
0x00007ff81dc10000 - 0x00007ff81dc9e000 	C:\Program Files\Zulu\zulu-21\bin\msvcp140.dll
0x00007fffb0740000 - 0x00007fffb151d000 	C:\Program Files\Zulu\zulu-21\bin\server\jvm.dll
0x00007ff833d40000 - 0x00007ff833df2000 	C:\WINDOWS\System32\ADVAPI32.dll
0x00007ff835710000 - 0x00007ff8357b6000 	C:\WINDOWS\System32\sechost.dll
0x00007ff8352d0000 - 0x00007ff8353e6000 	C:\WINDOWS\System32\RPCRT4.dll
0x00007ff8337c0000 - 0x00007ff833834000 	C:\WINDOWS\System32\WS2_32.dll
0x00007ff830550000 - 0x00007ff83055b000 	C:\WINDOWS\SYSTEM32\VERSION.dll
0x00007ff8329e0000 - 0x00007ff832a3e000 	C:\WINDOWS\SYSTEM32\POWRPROF.dll
0x00007ff82a1f0000 - 0x00007ff82a226000 	C:\WINDOWS\SYSTEM32\WINMM.dll
0x00007ff8329c0000 - 0x00007ff8329d4000 	C:\WINDOWS\SYSTEM32\UMPDC.dll
0x00007ff831950000 - 0x00007ff83196a000 	C:\WINDOWS\SYSTEM32\kernel.appcore.dll
0x00007ff8208f0000 - 0x00007ff8208fa000 	C:\Program Files\Zulu\zulu-21\bin\jimage.dll
0x00007ff82d640000 - 0x00007ff82d881000 	C:\WINDOWS\SYSTEM32\DBGHELP.DLL
0x00007ff8339b0000 - 0x00007ff833d34000 	C:\WINDOWS\System32\combase.dll
0x00007ff8357c0000 - 0x00007ff8358a0000 	C:\WINDOWS\System32\OLEAUT32.dll
0x00007ff814cb0000 - 0x00007ff814ce9000 	C:\WINDOWS\SYSTEM32\dbgcore.DLL
0x00007ff833670000 - 0x00007ff833709000 	C:\WINDOWS\System32\bcryptPrimitives.dll
0x00007ff81df70000 - 0x00007ff81df80000 	C:\Program Files\Zulu\zulu-21\bin\instrument.dll
0x00007ff81df40000 - 0x00007ff81df62000 	C:\Program Files\Zulu\zulu-21\bin\java.dll
0x00007ff8349f0000 - 0x00007ff83511d000 	C:\WINDOWS\System32\SHELL32.dll
0x00007ff832b90000 - 0x00007ff832d04000 	C:\WINDOWS\System32\wintypes.dll
0x00007ff830820000 - 0x00007ff831076000 	C:\WINDOWS\SYSTEM32\windows.storage.dll
0x00007ff833fb0000 - 0x00007ff83409f000 	C:\WINDOWS\System32\SHCORE.dll
0x00007ff8343f0000 - 0x00007ff834459000 	C:\WINDOWS\System32\shlwapi.dll
0x00007ff832aa0000 - 0x00007ff832acf000 	C:\WINDOWS\SYSTEM32\profapi.dll
0x00007ff81db30000 - 0x00007ff81dc07000 	C:\Program Files\Zulu\zulu-21\bin\jsvml.dll
0x00007ff81db10000 - 0x00007ff81db28000 	C:\Program Files\Zulu\zulu-21\bin\zip.dll
0x00007ff81daf0000 - 0x00007ff81db02000 	C:\Program Files\Zulu\zulu-21\bin\net.dll
0x00007ff824390000 - 0x00007ff8244ae000 	C:\WINDOWS\SYSTEM32\WINHTTP.dll
0x00007ff831ec0000 - 0x00007ff831f2a000 	C:\WINDOWS\system32\mswsock.dll
0x00007ff81dad0000 - 0x00007ff81dae6000 	C:\Program Files\Zulu\zulu-21\bin\nio.dll
0x00007ff81df30000 - 0x00007ff81df40000 	C:\Program Files\Zulu\zulu-21\bin\verify.dll
0x00007ff805110000 - 0x00007ff805137000 	C:\Users\alswj\.gradle\native\1def1411415f61bf3af743bc5b6707747c0891f09f0c88961ee8f79bc544acac\windows-amd64\native-platform.dll
0x00007fffae910000 - 0x00007fffae988000 	C:\Users\alswj\.gradle\native\0.2.6\x86_64-windows-gnu\gradle-fileevents.dll
0x00007ff81dac0000 - 0x00007ff81daca000 	C:\Program Files\Zulu\zulu-21\bin\management.dll
0x00007ff81dab0000 - 0x00007ff81dabc000 	C:\Program Files\Zulu\zulu-21\bin\management_ext.dll
0x00007ff833e10000 - 0x00007ff833e18000 	C:\WINDOWS\System32\PSAPI.DLL
0x00007ff8314d0000 - 0x00007ff831503000 	C:\WINDOWS\SYSTEM32\IPHLPAPI.DLL
0x00007ff833e00000 - 0x00007ff833e0a000 	C:\WINDOWS\System32\NSI.dll
0x00007ff81daa0000 - 0x00007ff81daa9000 	C:\Program Files\Zulu\zulu-21\bin\extnet.dll
0x00007ff832160000 - 0x00007ff83217c000 	C:\WINDOWS\SYSTEM32\CRYPTSP.dll
0x00007ff8318b0000 - 0x00007ff8318ea000 	C:\WINDOWS\system32\rsaenh.dll
0x00007ff831f60000 - 0x00007ff831f8b000 	C:\WINDOWS\SYSTEM32\USERENV.dll
0x00007ff832a70000 - 0x00007ff832a96000 	C:\WINDOWS\SYSTEM32\bcrypt.dll
0x00007ff832980000 - 0x00007ff83298c000 	C:\WINDOWS\SYSTEM32\CRYPTBASE.dll
0x00007ff81da90000 - 0x00007ff81da9e000 	C:\Program Files\Zulu\zulu-21\bin\sunmscapi.dll
0x00007ff833310000 - 0x00007ff833487000 	C:\WINDOWS\System32\CRYPT32.dll
0x00007ff832360000 - 0x00007ff832390000 	C:\WINDOWS\SYSTEM32\ncrypt.dll
0x00007ff832310000 - 0x00007ff83234f000 	C:\WINDOWS\SYSTEM32\NTASN1.dll
0x00007ff808090000 - 0x00007ff808098000 	C:\WINDOWS\system32\wshunix.dll

dbghelp: loaded successfully - version: 4.0.5 - missing functions: none
symbol engine: initialized successfully - sym options: 0x614 - pdb path: .;C:\Program Files\Zulu\zulu-21\bin;C:\WINDOWS\SYSTEM32;C:\WINDOWS\WinSxS\amd64_microsoft.windows.common-controls_6595b64144ccf1df_6.0.26100.3912_none_3e07963ce335137e;C:\Program Files\Zulu\zulu-21\bin\server;C:\Users\alswj\.gradle\native\1def1411415f61bf3af743bc5b6707747c0891f09f0c88961ee8f79bc544acac\windows-amd64;C:\Users\alswj\.gradle\native\0.2.6\x86_64-windows-gnu

VM Arguments:
jvm_args: --add-opens=java.base/java.lang=ALL-UNNAMED --add-opens=java.base/java.lang.invoke=ALL-UNNAMED --add-opens=java.base/java.util=ALL-UNNAMED --add-opens=java.prefs/java.util.prefs=ALL-UNNAMED --add-exports=jdk.compiler/com.sun.tools.javac.api=ALL-UNNAMED --add-exports=jdk.compiler/com.sun.tools.javac.util=ALL-UNNAMED --add-opens=java.base/java.util=ALL-UNNAMED --add-opens=java.prefs/java.util.prefs=ALL-UNNAMED --add-opens=java.base/java.nio.charset=ALL-UNNAMED --add-opens=java.base/java.net=ALL-UNNAMED --add-opens=java.base/java.util.concurrent.atomic=ALL-UNNAMED --add-opens=java.xml/javax.xml.namespace=ALL-UNNAMED -XX:MaxMetaspaceSize=384m -XX:+HeapDumpOnOutOfMemoryError -Xms256m -Xmx512m -Dfile.encoding=UTF-8 -Duser.country=KR -Duser.language=ko -Duser.variant -javaagent:C:\Users\alswj\.gradle\wrapper\dists\gradle-8.12.1-bin\eumc4uhoysa37zql93vfjkxy0\gradle-8.12.1\lib\agents\gradle-instrumentation-agent-8.12.1.jar 
java_command: org.gradle.launcher.daemon.bootstrap.GradleDaemon 8.12.1
java_class_path (initial): C:\Users\alswj\.gradle\wrapper\dists\gradle-8.12.1-bin\eumc4uhoysa37zql93vfjkxy0\gradle-8.12.1\lib\gradle-daemon-main-8.12.1.jar
Launcher Type: SUN_STANDARD

[Global flags]
     intx CICompilerCount                          = 12                                        {product} {ergonomic}
   size_t CompressedClassSpaceSize                 = 335544320                                 {product} {ergonomic}
     uint ConcGCThreads                            = 3                                         {product} {ergonomic}
     uint G1ConcRefinementThreads                  = 13                                        {product} {ergonomic}
   size_t G1HeapRegionSize                         = 1048576                                   {product} {ergonomic}
    uintx GCDrainStackTargetSize                   = 64                                        {product} {ergonomic}
     bool HeapDumpOnOutOfMemoryError               = true                                   {manageable} {command line}
   size_t InitialHeapSize                          = 268435456                                 {product} {command line}
   size_t MarkStackSize                            = 4194304                                   {product} {ergonomic}
   size_t MaxHeapSize                              = 536870912                                 {product} {command line}
   size_t MaxMetaspaceSize                         = 402653184                                 {product} {command line}
   size_t MaxNewSize                               = 321912832                                 {product} {ergonomic}
   size_t MinHeapDeltaBytes                        = 1048576                                   {product} {ergonomic}
   size_t MinHeapSize                              = 268435456                                 {product} {command line}
    uintx NonNMethodCodeHeapSize                   = 7602480                                {pd product} {ergonomic}
    uintx NonProfiledCodeHeapSize                  = 122027880                              {pd product} {ergonomic}
    uintx ProfiledCodeHeapSize                     = 122027880                              {pd product} {ergonomic}
    uintx ReservedCodeCacheSize                    = 251658240                              {pd product} {ergonomic}
     bool SegmentedCodeCache                       = true                                      {product} {ergonomic}
   size_t SoftMaxHeapSize                          = 536870912                              {manageable} {ergonomic}
     bool UseCompressedOops                        = true                           {product lp64_product} {ergonomic}
     bool UseG1GC                                  = true                                      {product} {ergonomic}
     bool UseLargePagesIndividualAllocation        = false                                  {pd product} {ergonomic}

Logging:
Log output configuration:
 #0: stdout all=warning uptime,level,tags foldmultilines=false
 #1: stderr all=off uptime,level,tags foldmultilines=false

Environment Variables:
PATH=C:\Program Files\Zulu\zulu-17\bin\;C:\Program Files\Zulu\zulu-21\bin\;C:\WINDOWS\system32;C:\WINDOWS;C:\WINDOWS\System32\Wbem;C:\WINDOWS\System32\WindowsPowerShell\v1.0\;C:\WINDOWS\System32\OpenSSH\;C:\Program Files\Git\cmd;C:\Program Files\nodejs\;C:\Users\alswj\AppData\Local\Programs\Python\Python310\Scripts\;C:\Users\alswj\AppData\Local\Programs\Python\Python310\;C:\Users\alswj\AppData\Local\Programs\Python\Python313\Scripts\;C:\Users\alswj\AppData\Local\Programs\Python\Python313\;C:\Users\alswj\AppData\Local\Microsoft\WindowsApps;C:\Program Files\JetBrains\PyCharm 2024.3.5\bin;;C:\Users\alswj\AppData\Local\GitHubDesktop\bin;C:\Users\alswj\AppData\Roaming\npm
USERNAME=alswj
OS=Windows_NT
PROCESSOR_IDENTIFIER=Intel64 Family 6 Model 154 Stepping 3, GenuineIntel
TMP=C:\Users\alswj\AppData\Local\Temp
TEMP=C:\Users\alswj\AppData\Local\Temp




Periodic native trim disabled

---------------  S Y S T E M  ---------------

OS:
 Windows 11 , 64 bit Build 26100 (10.0.26100.3912)
OS uptime: 0 days 0:56 hours

CPU: total 16 (initial active 16) (8 cores per cpu, 2 threads per core) family 6 model 154 stepping 3 microcode 0x42a, cx8, cmov, fxsr, ht, mmx, 3dnowpref, sse, sse2, sse3, ssse3, sse4.1, sse4.2, popcnt, lzcnt, tsc, tscinvbit, avx, avx2, aes, erms, clmul, bmi1, bmi2, adx, sha, fma, vzeroupper, clflush, clflushopt, clwb, serialize, rdtscp, rdpid, fsrm, f16c, pku, cet_ibt, cet_ss
Processor Information for processor 0
  Max Mhz: 1700, Current Mhz: 1700, Mhz Limit: 1700
Processor Information for processor 1
  Max Mhz: 1700, Current Mhz: 1700, Mhz Limit: 1700
Processor Information for processor 2
  Max Mhz: 1700, Current Mhz: 1700, Mhz Limit: 1700
Processor Information for processor 3
  Max Mhz: 1700, Current Mhz: 1700, Mhz Limit: 1700
Processor Information for processor 4
  Max Mhz: 1700, Current Mhz: 1700, Mhz Limit: 1700
Processor Information for processor 5
  Max Mhz: 1700, Current Mhz: 1700, Mhz Limit: 1700
Processor Information for processor 6
  Max Mhz: 1700, Current Mhz: 1700, Mhz Limit: 1700
Processor Information for processor 7
  Max Mhz: 1700, Current Mhz: 1700, Mhz Limit: 1700
Processor Information for processor 8
  Max Mhz: 1700, Current Mhz: 1700, Mhz Limit: 1700
Processor Information for processor 9
  Max Mhz: 1700, Current Mhz: 1558, Mhz Limit: 1700
Processor Information for processor 10
  Max Mhz: 1700, Current Mhz: 1558, Mhz Limit: 1700
Processor Information for processor 11
  Max Mhz: 1700, Current Mhz: 1558, Mhz Limit: 1700
Processor Information for processor 12
  Max Mhz: 1700, Current Mhz: 1558, Mhz Limit: 1700
Processor Information for processor 13
  Max Mhz: 1700, Current Mhz: 1558, Mhz Limit: 1700
Processor Information for processor 14
  Max Mhz: 1700, Current Mhz: 1700, Mhz Limit: 1700
Processor Information for processor 15
  Max Mhz: 1700, Current Mhz: 1700, Mhz Limit: 1700

Memory: 4k page, system-wide physical 16066M (3654M free)
TotalPageFile size 44125M (AvailPageFile size 50M)
current process WorkingSet (physical memory assigned to process): 471M, peak: 480M
current process commit charge ("private bytes"): 551M, peak: 584M

vm_info: OpenJDK 64-Bit Server VM (21.0.6+7-LTS) for windows-amd64 JRE (21.0.6+7-LTS) (Zulu21.40+17-CA), built on 2025-01-07T13:04:52Z by "zulu_re" with MS VC++ 17.1 (VS2022)

END.
