#
# There is insufficient memory for the Java Runtime Environment to continue.
# Native memory allocation (mmap) failed to map 264241152 bytes. Error detail: G1 virtual space
# Possible reasons:
#   The system is out of physical RAM or swap space
#   This process is running with CompressedOops enabled, and the Java Heap may be blocking the growth of the native heap
# Possible solutions:
#   Reduce memory load on the system
#   Increase physical memory or swap space
#   Check if swap backing store is full
#   Decrease Java heap size (-Xmx/-Xms)
#   Decrease number of Java threads
#   Decrease Java thread stack sizes (-Xss)
#   Set larger code cache with -XX:ReservedCodeCacheSize=
#   JVM is running with Zero Based Compressed Oops mode in which the Java heap is
#     placed in the first 32GB address space. The Java Heap base address is the
#     maximum limit for the native heap growth. Please use -XX:HeapBaseMinAddress
#     to set the Java Heap base and to place the Java Heap above 32GB virtual address.
# This output file may be truncated or incomplete.
#
#  Out of Memory Error (os_windows.cpp:3618), pid=19976, tid=20860
#
# JRE version:  (17.0.14+7) (build )
# Java VM: OpenJDK 64-Bit Server VM (17.0.14+7-LTS, mixed mode, emulated-client, sharing, tiered, compressed oops, compressed class ptrs, g1 gc, windows-amd64)
# No core dump will be written. Minidumps are not enabled by default on client versions of Windows
#

---------------  S U M M A R Y ------------

Command Line: -XX:TieredStopAtLevel=1 -Dspring.output.ansi.enabled=always -Dcom.sun.management.jmxremote -Dspring.jmx.enabled=true -Dspring.liveBeansView.mbeanDomain -Dspring.application.admin.enabled=true -Dmanagement.endpoints.jmx.exposure.include=* -javaagent:C:\Program Files\JetBrains\IntelliJ IDEA 2024.3.5\lib\idea_rt.jar=52353 -Dfile.encoding=UTF-8 project.capston.Findi.FindiApplication

Host: 12th Gen Intel(R) Core(TM) i5-1240P, 16 cores, 15G,  Windows 11 , 64 bit Build 26100 (10.0.26100.3912)
Time: Fri Jun  6 17:13:40 2025  Windows 11 , 64 bit Build 26100 (10.0.26100.3912) elapsed time: 1.139719 seconds (0d 0h 0m 1s)

---------------  T H R E A D  ---------------

Current thread (0x000001a72400bad0):  JavaThread "Unknown thread" [_thread_in_vm, id=20860, stack(0x0000002561100000,0x0000002561200000)]

Stack: [0x0000002561100000,0x0000002561200000]
Native frames: (J=compiled Java code, j=interpreted, Vv=VM code, C=native code)
V  [jvm.dll+0x6857b9]
V  [jvm.dll+0x83d67a]
V  [jvm.dll+0x83f13e]
V  [jvm.dll+0x83f7a3]
V  [jvm.dll+0x24c15f]
V  [jvm.dll+0x6824d9]
V  [jvm.dll+0x676faa]
V  [jvm.dll+0x30c10b]
V  [jvm.dll+0x313606]
V  [jvm.dll+0x36418e]
V  [jvm.dll+0x3643cf]
V  [jvm.dll+0x2e311c]
V  [jvm.dll+0x2e4074]
V  [jvm.dll+0x80ee6b]
V  [jvm.dll+0x371f01]
V  [jvm.dll+0x7ed755]
V  [jvm.dll+0x3f5c0f]
V  [jvm.dll+0x3f7781]
C  [jli.dll+0x534b]
C  [ucrtbase.dll+0x37b0]
C  [KERNEL32.DLL+0x2e8d7]
C  [ntdll.dll+0x9c5dc]


---------------  P R O C E S S  ---------------

Threads class SMR info:
_java_thread_list=0x00007fff8c30efd8, length=0, elements={
}

Java Threads: ( => current thread )

Other Threads:
  0x000001a7240765d0 GCTaskThread "GC Thread#0" [stack: 0x0000002561200000,0x0000002561300000] [id=11776]
  0x000001a724088430 ConcurrentGCThread "G1 Main Marker" [stack: 0x0000002561300000,0x0000002561400000] [id=13604]
  0x000001a724089500 ConcurrentGCThread "G1 Conc#0" [stack: 0x0000002561400000,0x0000002561500000] [id=6672]

[error occurred during error reporting (printing all threads), id 0xc0000005, EXCEPTION_ACCESS_VIOLATION (0xc0000005) at pc=0x00007fff8bac37f7]

VM state: not at safepoint (not fully initialized)

VM Mutex/Monitor currently owned by a thread:  ([mutex/lock_event])
[0x000001a724007f90] Heap_lock - owner thread: 0x000001a72400bad0

Heap address: 0x0000000704e00000, size: 4018 MB, Compressed Oops mode: Zero based, Oop shift amount: 3

CDS archive(s) mapped at: [0x0000000000000000-0x0000000000000000-0x0000000000000000), size 0, SharedBaseAddress: 0x0000000800000000, ArchiveRelocationMode: 1.
Narrow klass base: 0x0000000000000000, Narrow klass shift: 0, Narrow klass range: 0x0

GC Precious Log:
<Empty>

Heap:
 garbage-first heap   total 0K, used 0K [0x0000000704e00000, 0x0000000800000000)
  region size 2048K, 0 young (0K), 0 survivors (0K)

[error occurred during error reporting (printing heap information), id 0xc0000005, EXCEPTION_ACCESS_VIOLATION (0xc0000005) at pc=0x00007fff8beae9a9]

GC Heap History (0 events):
No events

Dll operation events (1 events):
Event: 0.070 Loaded shared library C:\Program Files\Zulu\zulu-17\bin\java.dll

Deoptimization events (0 events):
No events

Classes loaded (0 events):
No events

Classes unloaded (0 events):
No events

Classes redefined (0 events):
No events

Internal exceptions (0 events):
No events

VM Operations (0 events):
No events

Memory protections (0 events):
No events

Nmethod flushes (0 events):
No events

Events (0 events):
No events


Dynamic libraries:
0x00007ff6891b0000 - 0x00007ff6891be000 	C:\Program Files\Zulu\zulu-17\bin\java.exe
0x00007ff835a00000 - 0x00007ff835c66000 	C:\WINDOWS\SYSTEM32\ntdll.dll
0x00007ff8338e0000 - 0x00007ff8339a9000 	C:\WINDOWS\System32\KERNEL32.DLL
0x00007ff832dd0000 - 0x00007ff83319c000 	C:\WINDOWS\System32\KERNELBASE.dll
0x00007ff833490000 - 0x00007ff8335db000 	C:\WINDOWS\System32\ucrtbase.dll
0x00007ff81d0f0000 - 0x00007ff81d10b000 	C:\Program Files\Zulu\zulu-17\bin\VCRUNTIME140.dll
0x00007ff81cb90000 - 0x00007ff81cba9000 	C:\Program Files\Zulu\zulu-17\bin\jli.dll
0x00007ff8340b0000 - 0x00007ff83427a000 	C:\WINDOWS\System32\USER32.dll
0x00007ff8331a0000 - 0x00007ff8331c7000 	C:\WINDOWS\System32\win32u.dll
0x00007ff833e20000 - 0x00007ff833e4b000 	C:\WINDOWS\System32\GDI32.dll
0x00007ff8331d0000 - 0x00007ff833302000 	C:\WINDOWS\System32\gdi32full.dll
0x00007ff833710000 - 0x00007ff8337b3000 	C:\WINDOWS\System32\msvcp_win.dll
0x00007ff817960000 - 0x00007ff817bfa000 	C:\WINDOWS\WinSxS\amd64_microsoft.windows.common-controls_6595b64144ccf1df_6.0.26100.3912_none_3e07963ce335137e\COMCTL32.dll
0x00007ff8358b0000 - 0x00007ff835959000 	C:\WINDOWS\System32\msvcrt.dll
0x00007ff835640000 - 0x00007ff835670000 	C:\WINDOWS\System32\IMM32.DLL
0x00007ff8208e0000 - 0x00007ff8208ec000 	C:\Program Files\Zulu\zulu-17\bin\vcruntime140_1.dll
0x00007ff81c510000 - 0x00007ff81c59d000 	C:\Program Files\Zulu\zulu-17\bin\msvcp140.dll
0x00007fff8b7d0000 - 0x00007fff8c444000 	C:\Program Files\Zulu\zulu-17\bin\server\jvm.dll
0x00007ff833d40000 - 0x00007ff833df2000 	C:\WINDOWS\System32\ADVAPI32.dll
0x00007ff835710000 - 0x00007ff8357b6000 	C:\WINDOWS\System32\sechost.dll
0x00007ff8352d0000 - 0x00007ff8353e6000 	C:\WINDOWS\System32\RPCRT4.dll
0x00007ff8337c0000 - 0x00007ff833834000 	C:\WINDOWS\System32\WS2_32.dll
0x00007ff82a1f0000 - 0x00007ff82a226000 	C:\WINDOWS\SYSTEM32\WINMM.dll
0x00007ff8329e0000 - 0x00007ff832a3e000 	C:\WINDOWS\SYSTEM32\POWRPROF.dll
0x00007ff830550000 - 0x00007ff83055b000 	C:\WINDOWS\SYSTEM32\VERSION.dll
0x00007ff8329c0000 - 0x00007ff8329d4000 	C:\WINDOWS\SYSTEM32\UMPDC.dll
0x00007ff831950000 - 0x00007ff83196a000 	C:\WINDOWS\SYSTEM32\kernel.appcore.dll
0x00007ff81ef70000 - 0x00007ff81ef7a000 	C:\Program Files\Zulu\zulu-17\bin\jimage.dll
0x00007ff82d640000 - 0x00007ff82d881000 	C:\WINDOWS\SYSTEM32\DBGHELP.DLL
0x00007ff8339b0000 - 0x00007ff833d34000 	C:\WINDOWS\System32\combase.dll
0x00007ff8357c0000 - 0x00007ff8358a0000 	C:\WINDOWS\System32\OLEAUT32.dll
0x00007ff814cb0000 - 0x00007ff814ce9000 	C:\WINDOWS\SYSTEM32\dbgcore.DLL
0x00007ff833670000 - 0x00007ff833709000 	C:\WINDOWS\System32\bcryptPrimitives.dll
0x00007ff81d0e0000 - 0x00007ff81d0ee000 	C:\Program Files\Zulu\zulu-17\bin\instrument.dll
0x00007ff81cb30000 - 0x00007ff81cb55000 	C:\Program Files\Zulu\zulu-17\bin\java.dll

dbghelp: loaded successfully - version: 4.0.5 - missing functions: none
symbol engine: initialized successfully - sym options: 0x614 - pdb path: .;C:\Program Files\Zulu\zulu-17\bin;C:\WINDOWS\SYSTEM32;C:\WINDOWS\WinSxS\amd64_microsoft.windows.common-controls_6595b64144ccf1df_6.0.26100.3912_none_3e07963ce335137e;C:\Program Files\Zulu\zulu-17\bin\server

VM Arguments:
jvm_args: -XX:TieredStopAtLevel=1 -Dspring.output.ansi.enabled=always -Dcom.sun.management.jmxremote -Dspring.jmx.enabled=true -Dspring.liveBeansView.mbeanDomain -Dspring.application.admin.enabled=true -Dmanagement.endpoints.jmx.exposure.include=* -javaagent:C:\Program Files\JetBrains\IntelliJ IDEA 2024.3.5\lib\idea_rt.jar=52353 -Dfile.encoding=UTF-8 
java_command: project.capston.Findi.FindiApplication
java_class_path (initial): C:\FINDI\Findi\build\classes\java\main;C:\FINDI\Findi\build\resources\main;C:\Users\alswj\.gradle\caches\modules-2\files-2.1\org.projectlombok\lombok\1.18.36\5a30490a6e14977d97d9c73c924c1f1b5311ea95\lombok-1.18.36.jar;C:\Users\alswj\.gradle\caches\modules-2\files-2.1\org.springframework.boot\spring-boot-starter-thymeleaf\3.4.3\6bbf0643625e924632407b3b659c2a1bbff0bd4e\spring-boot-starter-thymeleaf-3.4.3.jar;C:\Users\alswj\.gradle\caches\modules-2\files-2.1\org.springframework.boot\spring-boot-starter-web\3.4.3\87e7a401e7d249fefc7f372f5681e8620234624c\spring-boot-starter-web-3.4.3.jar;C:\Users\alswj\.gradle\caches\modules-2\files-2.1\org.springframework.boot\spring-boot-starter-data-jpa\3.4.3\29c90fec6e887dc01df09ea4c3548b5a04b7afb4\spring-boot-starter-data-jpa-3.4.3.jar;C:\Users\alswj\.gradle\caches\modules-2\files-2.1\org.springframework.boot\spring-boot-starter-validation\3.4.3\cbbea0ff19a55bc84926a04be99045c7eba2420\spring-boot-starter-validation-3.4.3.jar;C:\Users\alswj\.gradle\caches\modules-2\files-2.1\org.springframework.boot\spring-boot-starter-security\3.4.3\b474a2f9fdd7e46cfb662b13bb38d9da9e7682d0\spring-boot-starter-security-3.4.3.jar;C:\Users\alswj\.gradle\caches\modules-2\files-2.1\org.thymeleaf.extras\thymeleaf-extras-springsecurity6\3.1.3.RELEASE\f2a9e9505b145d22a52047460c74fb8200f2cb23\thymeleaf-extras-springsecurity6-3.1.3.RELEASE.jar;C:\Users\alswj\.gradle\caches\modules-2\files-2.1\org.springframework.boot\spring-boot-starter\3.4.3\247fdc05cd6de013c3fd26628fa221dd095b391\spring-boot-starter-3.4.3.jar;C:\Users\alswj\.gradle\caches\modules-2\files-2.1\org.thymeleaf\thymeleaf-spring6\3.1.3.RELEASE\4b276ea2bd536a18e44b40ff1d9f4848965ff59c\thymeleaf-spring6-3.1.3.RELEASE.jar;C:\Users\alswj\.gradle\caches\modules-2\files-2.1\org.springframework.boot\spring-boot-starter-json\3.4.3\7a4d63165404da67ed3802678994c21a0763723\spring-boot-starter-json-3.4.3.jar;C:\Users\alswj\.gradle\caches\modules-2\files-2.1\org.springframework.boo
Launcher Type: SUN_STANDARD

[Global flags]
     intx CICompilerCount                          = 12                                        {product} {ergonomic}
     uint ConcGCThreads                            = 3                                         {product} {ergonomic}
     uint G1ConcRefinementThreads                  = 13                                        {product} {ergonomic}
   size_t G1HeapRegionSize                         = 2097152                                   {product} {ergonomic}
    uintx GCDrainStackTargetSize                   = 64                                        {product} {ergonomic}
   size_t InitialHeapSize                          = 264241152                                 {product} {ergonomic}
     bool ManagementServer                         = true                                      {product} {command line}
   size_t MarkStackSize                            = 4194304                                   {product} {ergonomic}
   size_t MaxHeapSize                              = 4213178368                                {product} {ergonomic}
   size_t MinHeapDeltaBytes                        = 2097152                                   {product} {ergonomic}
   size_t MinHeapSize                              = 8388608                                   {product} {ergonomic}
    uintx NonProfiledCodeHeapSize                  = 0                                      {pd product} {ergonomic}
     bool ProfileInterpreter                       = false                                  {pd product} {command line}
    uintx ProfiledCodeHeapSize                     = 0                                      {pd product} {ergonomic}
   size_t SoftMaxHeapSize                          = 4213178368                             {manageable} {ergonomic}
     intx TieredStopAtLevel                        = 1                                         {product} {command line}
     bool UseCompressedClassPointers               = true                           {product lp64_product} {ergonomic}
     bool UseCompressedOops                        = true                           {product lp64_product} {ergonomic}
     bool UseG1GC                                  = true                                      {product} {ergonomic}
     bool UseLargePagesIndividualAllocation        = false                                  {pd product} {ergonomic}

Logging:
Log output configuration:
 #0: stdout all=warning uptime,level,tags
 #1: stderr all=off uptime,level,tags

Environment Variables:
PATH=C:\Program Files\Zulu\zulu-17\bin\;C:\Program Files\Zulu\zulu-21\bin\;C:\WINDOWS\system32;C:\WINDOWS;C:\WINDOWS\System32\Wbem;C:\WINDOWS\System32\WindowsPowerShell\v1.0\;C:\WINDOWS\System32\OpenSSH\;C:\Program Files\Git\cmd;C:\Program Files\nodejs\;C:\Users\alswj\AppData\Local\Programs\Python\Python310\Scripts\;C:\Users\alswj\AppData\Local\Programs\Python\Python310\;C:\Users\alswj\AppData\Local\Programs\Python\Python313\Scripts\;C:\Users\alswj\AppData\Local\Programs\Python\Python313\;C:\Users\alswj\AppData\Local\Microsoft\WindowsApps;C:\Program Files\JetBrains\PyCharm 2024.3.5\bin;;C:\Users\alswj\AppData\Local\GitHubDesktop\bin;C:\Users\alswj\AppData\Roaming\npm
USERNAME=alswj
OS=Windows_NT
PROCESSOR_IDENTIFIER=Intel64 Family 6 Model 154 Stepping 3, GenuineIntel
TMP=C:\Users\alswj\AppData\Local\Temp
TEMP=C:\Users\alswj\AppData\Local\Temp



Periodic native trim disabled


---------------  S Y S T E M  ---------------

OS:
 Windows 11 , 64 bit Build 26100 (10.0.26100.3912)
OS uptime: 0 days 0:58 hours

CPU: total 16 (initial active 16) (16 cores per cpu, 1 threads per core) family 6 model 154 stepping 3 microcode 0x42a, cx8, cmov, fxsr, mmx, 3dnowpref, sse, sse2, sse3, ssse3, sse4.1, sse4.2, popcnt, lzcnt, tsc, tscinvbit, avx, avx2, aes, erms, clmul, bmi1, bmi2, adx, sha, fma, vzeroupper, clflush, clflushopt, clwb
Processor Information for processor 0
  Max Mhz: 1700, Current Mhz: 1457, Mhz Limit: 1700
Processor Information for processor 1
  Max Mhz: 1700, Current Mhz: 1700, Mhz Limit: 1700
Processor Information for processor 2
  Max Mhz: 1700, Current Mhz: 1700, Mhz Limit: 1700
Processor Information for processor 3
  Max Mhz: 1700, Current Mhz: 1700, Mhz Limit: 1700
Processor Information for processor 4
  Max Mhz: 1700, Current Mhz: 1700, Mhz Limit: 1700
Processor Information for processor 5
  Max Mhz: 1700, Current Mhz: 1700, Mhz Limit: 1700
Processor Information for processor 6
  Max Mhz: 1700, Current Mhz: 1700, Mhz Limit: 1700
Processor Information for processor 7
  Max Mhz: 1700, Current Mhz: 1700, Mhz Limit: 1700
Processor Information for processor 8
  Max Mhz: 1700, Current Mhz: 1558, Mhz Limit: 1700
Processor Information for processor 9
  Max Mhz: 1700, Current Mhz: 1558, Mhz Limit: 1700
Processor Information for processor 10
  Max Mhz: 1700, Current Mhz: 1558, Mhz Limit: 1700
Processor Information for processor 11
  Max Mhz: 1700, Current Mhz: 1558, Mhz Limit: 1700
Processor Information for processor 12
  Max Mhz: 1700, Current Mhz: 1558, Mhz Limit: 1700
Processor Information for processor 13
  Max Mhz: 1700, Current Mhz: 1700, Mhz Limit: 1700
Processor Information for processor 14
  Max Mhz: 1700, Current Mhz: 1558, Mhz Limit: 1700
Processor Information for processor 15
  Max Mhz: 1700, Current Mhz: 1558, Mhz Limit: 1700

Memory: 4k page, system-wide physical 16066M (4420M free)
TotalPageFile size 44125M (AvailPageFile size 221M)
current process WorkingSet (physical memory assigned to process): 12M, peak: 12M
current process commit charge ("private bytes"): 66M, peak: 318M

vm_info: OpenJDK 64-Bit Server VM (17.0.14+7-LTS) for windows-amd64 JRE (17.0.14+7-LTS) (Zulu17.56+15-CA), built on Jan  3 2025 18:40:15 by "zulu_re" with MS VC++ 16.10 / 16.11 (VS2019)

END.
